#
# There is insufficient memory for the Java Runtime Environment to continue.
# Native memory allocation (mmap) failed to map 134217728 bytes for G1 virtual space
# Possible reasons:
#   The system is out of physical RAM or swap space
#   The process is running with CompressedOops enabled, and the Java Heap may be blocking the growth of the native heap
# Possible solutions:
#   Reduce memory load on the system
#   Increase physical memory or swap space
#   Check if swap backing store is full
#   Decrease Java heap size (-Xmx/-Xms)
#   Decrease number of Java threads
#   Decrease Java thread stack sizes (-Xss)
#   Set larger code cache with -XX:ReservedCodeCacheSize=
#   JVM is running with Unscaled Compressed Oops mode in which the Java heap is
#     placed in the first 4GB address space. The Java Heap base address is the
#     maximum limit for the native heap growth. Please use -XX:HeapBaseMinAddress
#     to set the Java Heap base and to place the Java Heap above 4GB virtual address.
# This output file may be truncated or incomplete.
#
#  Out of Memory Error (os_windows.cpp:3604), pid=8344, tid=6808
#
# JRE version:  (21.0.10+8) (build )
# Java VM: Java HotSpot(TM) 64-Bit Server VM (21.0.10+8-LTS-217, mixed mode, sharing, tiered, compressed oops, compressed class ptrs, g1 gc, windows-amd64)
# No core dump will be written. Minidumps are not enabled by default on client versions of Windows
#

---------------  S U M M A R Y ------------

Command Line: -Dfile.encoding=UTF-8 -Dstdout.encoding=UTF-8 -Dstderr.encoding=UTF-8 -XX:+ShowCodeDetailsInExceptionMessages somadora.main.Main

Host: Intel(R) Core(TM) i5-7500 CPU @ 3.40GHz, 4 cores, 7G,  Windows 11 , 64 bit Build 26100 (10.0.26100.7920)
Time: Wed Mar 18 11:34:59 2026 Hora oficial do Brasil elapsed time: 0.079413 seconds (0d 0h 0m 0s)

---------------  T H R E A D  ---------------

Current thread (0x0000017dd4afc5b0):  JavaThread "Unknown thread" [_thread_in_vm, id=6808, stack(0x0000003f12b00000,0x0000003f12c00000) (1024K)]

Stack: [0x0000003f12b00000,0x0000003f12c00000]
Native frames: (J=compiled Java code, j=interpreted, Vv=VM code, C=native code)
V  [jvm.dll+0x6d0b59]
V  [jvm.dll+0x85fd56]
V  [jvm.dll+0x86224e]
V  [jvm.dll+0x862923]
V  [jvm.dll+0x282a16]
V  [jvm.dll+0x6cd405]
V  [jvm.dll+0x6c1f8a]
V  [jvm.dll+0x35bcc8]
V  [jvm.dll+0x363986]
V  [jvm.dll+0x3b4a3e]
V  [jvm.dll+0x3b4ce8]
V  [jvm.dll+0x32f98c]
V  [jvm.dll+0x3304db]
V  [jvm.dll+0x829d3e]
V  [jvm.dll+0x3c19d1]
V  [jvm.dll+0x812c0a]
V  [jvm.dll+0x4543d1]
V  [jvm.dll+0x455e21]
C  [jli.dll+0x5310]
C  [ucrtbase.dll+0x37b0]
C  [KERNEL32.DLL+0x2e8d7]
C  [ntdll.dll+0x8c48c]


---------------  P R O C E S S  ---------------

Threads class SMR info:
_java_thread_list=0x00007ffe9c128c88, length=0, elements={
}

Java Threads: ( => current thread )
Total: 0

Other Threads:
  0x0000017dd5058390 WorkerThread "GC Thread#0"                     [id=10944, stack(0x0000003f12c00000,0x0000003f12d00000) (1024K)]
  0x0000017dd506ade0 ConcurrentGCThread "G1 Main Marker"            [id=9908, stack(0x0000003f12d00000,0x0000003f12e00000) (1024K)]
  0x0000017dd506c090 WorkerThread "G1 Conc#0"                       [id=12744, stack(0x0000003f12e00000,0x0000003f12f00000) (1024K)]

[error occurred during error reporting (printing all threads), id 0xc0000005, EXCEPTION_ACCESS_VIOLATION (0xc0000005) at pc=0x00007ffe9b892447]
VM state: not at safepoint (not fully initialized)

VM Mutex/Monitor currently owned by a thread:  ([mutex/lock_event])
[0x00007ffe9c19a010] Heap_lock - owner thread: 0x0000017dd4afc5b0

Heap address: 0x0000000081600000, size: 2026 MB, Compressed Oops mode: 32-bit

CDS archive(s) mapped at: [0x0000000000000000-0x0000000000000000-0x0000000000000000), size 0, SharedBaseAddress: 0x0000000800000000, ArchiveRelocationMode: 1.
Narrow klass base: 0x0000000000000000, Narrow klass shift: 0, Narrow klass range: 0x0

GC Precious Log:
 CardTable entry size: 512
 Card Set container configuration: InlinePtr #cards 5 size 8 Array Of Cards #cards 12 size 40 Howl #buckets 4 coarsen threshold 1843 Howl Bitmap #cards 512 size 80 coarsen threshold 460 Card regions per heap region 1 cards per card region 2048

Heap:
 garbage-first heap   total 0K, used 0K [0x0000000081600000, 0x0000000100000000)
  region size 1024K, 0 young (0K), 0 survivors (0K)

[error occurred during error reporting (printing heap information), id 0xc0000005, EXCEPTION_ACCESS_VIOLATION (0xc0000005) at pc=0x00007ffe9bc7ac39]
GC Heap History (0 events):
No events

Dll operation events (1 events):
Event: 0.014 Loaded shared library C:\jdk-21.0.10\bin\java.dll

Deoptimization events (0 events):
No events

Classes loaded (0 events):
No events

Classes unloaded (0 events):
No events

Classes redefined (0 events):
No events

Internal exceptions (0 events):
No events

ZGC Phase Switch (0 events):
No events

VM Operations (0 events):
No events

Events (0 events):
No events


Dynamic libraries:
0x00007ff76bbd0000 - 0x00007ff76bbe0000 	C:\jdk-21.0.10\bin\javaw.exe
0x00007fff06ca0000 - 0x00007fff06f07000 	C:\WINDOWS\SYSTEM32\ntdll.dll
0x00007fff05380000 - 0x00007fff05449000 	C:\WINDOWS\System32\KERNEL32.DLL
0x00007fff037d0000 - 0x00007fff03bc1000 	C:\WINDOWS\System32\KERNELBASE.dll
0x00007fff04780000 - 0x00007fff048cb000 	C:\WINDOWS\System32\ucrtbase.dll
0x00007ffefee40000 - 0x00007ffefee59000 	C:\jdk-21.0.10\bin\jli.dll
0x00007ffefede0000 - 0x00007ffefedfe000 	C:\jdk-21.0.10\bin\VCRUNTIME140.dll
0x00007fff056c0000 - 0x00007fff0577b000 	C:\WINDOWS\System32\ADVAPI32.dll
0x00007fff06440000 - 0x00007fff064e9000 	C:\WINDOWS\System32\msvcrt.dll
0x00007fff05780000 - 0x00007fff05827000 	C:\WINDOWS\System32\sechost.dll
0x00007fff05e70000 - 0x00007fff05f88000 	C:\WINDOWS\System32\RPCRT4.dll
0x00007fff06210000 - 0x00007fff063d5000 	C:\WINDOWS\System32\USER32.dll
0x00007fff03580000 - 0x00007fff035a7000 	C:\WINDOWS\System32\win32u.dll
0x00007fff04e20000 - 0x00007fff04e4b000 	C:\WINDOWS\System32\GDI32.dll
0x00007ffef5270000 - 0x00007ffef5503000 	C:\WINDOWS\WinSxS\amd64_microsoft.windows.common-controls_6595b64144ccf1df_6.0.26100.8037_none_3e092faae333b53b\COMCTL32.dll
0x00007fff03de0000 - 0x00007fff03f0b000 	C:\WINDOWS\System32\gdi32full.dll
0x00007fff035b0000 - 0x00007fff03653000 	C:\WINDOWS\System32\msvcp_win.dll
0x00007ffefd180000 - 0x00007ffefd18b000 	C:\WINDOWS\SYSTEM32\VERSION.dll
0x00007fff04a50000 - 0x00007fff04a81000 	C:\WINDOWS\System32\IMM32.DLL
0x00007ffefed90000 - 0x00007ffefed9c000 	C:\jdk-21.0.10\bin\vcruntime140_1.dll
0x00007ffee0f90000 - 0x00007ffee101d000 	C:\jdk-21.0.10\bin\msvcp140.dll
0x00007ffe9b550000 - 0x00007ffe9c277000 	C:\jdk-21.0.10\bin\server\jvm.dll
0x00007fff05840000 - 0x00007fff058b4000 	C:\WINDOWS\System32\WS2_32.dll
0x00007fff03400000 - 0x00007fff0345e000 	C:\WINDOWS\SYSTEM32\POWRPROF.dll
0x00007ffef5590000 - 0x00007ffef55c5000 	C:\WINDOWS\SYSTEM32\WINMM.dll
0x00007fff033e0000 - 0x00007fff033f4000 	C:\WINDOWS\SYSTEM32\UMPDC.dll
0x00007fff022d0000 - 0x00007fff022eb000 	C:\WINDOWS\SYSTEM32\kernel.appcore.dll
0x00007ffef3030000 - 0x00007ffef303a000 	C:\jdk-21.0.10\bin\jimage.dll
0x00007ffef5810000 - 0x00007ffef5a52000 	C:\WINDOWS\SYSTEM32\DBGHELP.DLL
0x00007fff04a90000 - 0x00007fff04e12000 	C:\WINDOWS\System32\combase.dll
0x00007fff05c30000 - 0x00007fff05d07000 	C:\WINDOWS\System32\OLEAUT32.dll
0x00007ffee3e30000 - 0x00007ffee3e6b000 	C:\WINDOWS\SYSTEM32\dbgcore.DLL
0x00007fff04990000 - 0x00007fff04a35000 	C:\WINDOWS\System32\bcryptPrimitives.dll
0x00007ffeeee40000 - 0x00007ffeeee61000 	C:\jdk-21.0.10\bin\java.dll

dbghelp: loaded successfully - version: 4.0.5 - missing functions: none
symbol engine: initialized successfully - sym options: 0x614 - pdb path: .;C:\jdk-21.0.10\bin;C:\WINDOWS\SYSTEM32;C:\WINDOWS\WinSxS\amd64_microsoft.windows.common-controls_6595b64144ccf1df_6.0.26100.8037_none_3e092faae333b53b;C:\jdk-21.0.10\bin\server

VM Arguments:
jvm_args: -Dfile.encoding=UTF-8 -Dstdout.encoding=UTF-8 -Dstderr.encoding=UTF-8 -XX:+ShowCodeDetailsInExceptionMessages 
java_command: somadora.main.Main
java_class_path (initial): C:\Users\Alunos\eclipse-workspace\Somadora\build\classes
Launcher Type: SUN_STANDARD

[Global flags]
     intx CICompilerCount                          = 3                                         {product} {ergonomic}
     uint ConcGCThreads                            = 1                                         {product} {ergonomic}
     uint G1ConcRefinementThreads                  = 4                                         {product} {ergonomic}
   size_t G1HeapRegionSize                         = 1048576                                   {product} {ergonomic}
    uintx GCDrainStackTargetSize                   = 64                                        {product} {ergonomic}
   size_t InitialHeapSize                          = 134217728                                 {product} {ergonomic}
   size_t MarkStackSize                            = 4194304                                   {product} {ergonomic}
   size_t MaxHeapSize                              = 2124414976                                {product} {ergonomic}
   size_t MinHeapDeltaBytes                        = 1048576                                   {product} {ergonomic}
   size_t MinHeapSize                              = 8388608                                   {product} {ergonomic}
    uintx NonNMethodCodeHeapSize                   = 5832780                                {pd product} {ergonomic}
    uintx NonProfiledCodeHeapSize                  = 122912730                              {pd product} {ergonomic}
    uintx ProfiledCodeHeapSize                     = 122912730                              {pd product} {ergonomic}
    uintx ReservedCodeCacheSize                    = 251658240                              {pd product} {ergonomic}
     bool SegmentedCodeCache                       = true                                      {product} {ergonomic}
     bool ShowCodeDetailsInExceptionMessages       = true                                   {manageable} {command line}
   size_t SoftMaxHeapSize                          = 2124414976                             {manageable} {ergonomic}
     bool UseCompressedOops                        = true                           {product lp64_product} {ergonomic}
     bool UseG1GC                                  = true                                      {product} {ergonomic}
     bool UseLargePagesIndividualAllocation        = false                                  {pd product} {ergonomic}

Logging:
Log output configuration:
 #0: stdout all=warning uptime,level,tags foldmultilines=false
 #1: stderr all=off uptime,level,tags foldmultilines=false

Environment Variables:
JAVA_HOME=C:\jdk-21.0.10
PATH=C:/eclipse//plugins/org.eclipse.justj.openjdk.hotspot.jre.full.win32.x86_64_21.0.9.v20251105-0741/jre/bin/server;C:/eclipse//plugins/org.eclipse.justj.openjdk.hotspot.jre.full.win32.x86_64_21.0.9.v20251105-0741/jre/bin;C:\jdk-21.0.10\bin;C:\Program Files\Common Files\Oracle\Java\javapath;C:\Program Files\Python313\Scripts\;C:\Program Files\Python313\;C:\WINDOWS\system32;C:\WINDOWS;C:\WINDOWS\System32\Wbem;C:\WINDOWS\System32\WindowsPowerShell\v1.0\;C:\WINDOWS\System32\OpenSSH\;C:\Program Files\dotnet\;C:\Program Files\Docker\Docker\resources\bin;C:\Program Files\nodejs\;C:\ProgramData\chocolatey\bin;C:\Program Files\Git\cmd;C:\xampp\php;C:\composer;C:\Users\Alunos\AppData\Local\Microsoft\WindowsApps;C:\Users\Alunos\AppData\Local\Programs\Microsoft VS Code\bin;C:\Users\Alunos\.dotnet\tools;C:\Users\Alunos\AppData\Roaming\npm;C:\Users\Alunos\AppData\Roaming\Composer\vendor\bin;C:\eclipse;
USERNAME=Alunos
OS=Windows_NT
PROCESSOR_IDENTIFIER=Intel64 Family 6 Model 158 Stepping 9, GenuineIntel
TMP=C:\Users\Alunos\AppData\Local\Temp
TEMP=C:\Users\Alunos\AppData\Local\Temp




Periodic native trim disabled

---------------  S Y S T E M  ---------------

OS:
 Windows 11 , 64 bit Build 26100 (10.0.26100.7920)
OS uptime: 0 days 4:02 hours
Hyper-V role detected

CPU: total 4 (initial active 4) (4 cores per cpu, 1 threads per core) family 6 model 158 stepping 9 microcode 0xde, cx8, cmov, fxsr, mmx, 3dnowpref, sse, sse2, sse3, ssse3, sse4.1, sse4.2, popcnt, lzcnt, tsc, tscinvbit, avx, avx2, aes, erms, clmul, bmi1, bmi2, rtm, adx, fma, vzeroupper, clflush, clflushopt, hv, rdtscp, f16c
Processor Information for all 4 processors :
  Max Mhz: 3408, Current Mhz: 3408, Mhz Limit: 3408

Memory: 4k page, system-wide physical 8098M (709M free)
TotalPageFile size 8098M (AvailPageFile size 115M)
current process WorkingSet (physical memory assigned to process): 12M, peak: 12M
current process commit charge ("private bytes"): 52M, peak: 180M

vm_info: Java HotSpot(TM) 64-Bit Server VM (21.0.10+8-LTS-217) for windows-amd64 JRE (21.0.10+8-LTS-217), built on 2025-12-18T14:59:28Z by "mach5run" with MS VC++ 17.13 (VS2022)

END.
