#
# There is insufficient memory for the Java Runtime Environment to continue.
# Native memory allocation (mmap) failed to map 65536 bytes for Failed to commit metaspace.
# Possible reasons:
#   The system is out of physical RAM or swap space
#   The process is running with CompressedOops enabled, and the Java Heap may be blocking the growth of the native heap
# Possible solutions:
#   Reduce memory load on the system
#   Increase physical memory or swap space
#   Check if swap backing store is full
#   Decrease Java heap size (-Xmx/-Xms)
#   Decrease number of Java threads
#   Decrease Java thread stack sizes (-Xss)
#   Set larger code cache with -XX:ReservedCodeCacheSize=
#   JVM is running with Unscaled Compressed Oops mode in which the Java heap is
#     placed in the first 4GB address space. The Java Heap base address is the
#     maximum limit for the native heap growth. Please use -XX:HeapBaseMinAddress
#     to set the Java Heap base and to place the Java Heap above 4GB virtual address.
# This output file may be truncated or incomplete.
#
#  Out of Memory Error (virtualSpaceNode.cpp:112), pid=8400, tid=6112
#
# JRE version: Java(TM) SE Runtime Environment (21.0.10+8) (build 21.0.10+8-LTS-217)
# Java VM: Java HotSpot(TM) 64-Bit Server VM (21.0.10+8-LTS-217, mixed mode, tiered, compressed oops, compressed class ptrs, g1 gc, windows-amd64)
# No core dump will be written. Minidumps are not enabled by default on client versions of Windows
#

---------------  S U M M A R Y ------------

Command Line: -Dfile.encoding=UTF-8 -Dstdout.encoding=UTF-8 -Dstderr.encoding=UTF-8 -XX:+ShowCodeDetailsInExceptionMessages Main

Host: Intel(R) Core(TM) i5-7500 CPU @ 3.40GHz, 4 cores, 7G,  Windows 11 , 64 bit Build 26100 (10.0.26100.7920)
Time: Wed Apr 15 10:47:10 2026 Hora oficial do Brasil elapsed time: 0.134658 seconds (0d 0h 0m 0s)

---------------  T H R E A D  ---------------

Current thread (0x00000254596babd0):  JavaThread "main"             [_thread_in_vm, id=6112, stack(0x0000006761f00000,0x0000006762000000) (1024K)]

Stack: [0x0000006761f00000,0x0000006762000000]
Native frames: (J=compiled Java code, j=interpreted, Vv=VM code, C=native code)
V  [jvm.dll+0x6d0b59]
V  [jvm.dll+0x85fd56]
V  [jvm.dll+0x86224e]
V  [jvm.dll+0x862923]
V  [jvm.dll+0x282a16]
V  [jvm.dll+0x85bade]
V  [jvm.dll+0x674a44]
V  [jvm.dll+0x1e7c48]
V  [jvm.dll+0x1e7a0e]
V  [jvm.dll+0x67736f]
V  [jvm.dll+0x6771a2]
V  [jvm.dll+0x67541e]
V  [jvm.dll+0x3c43e3]
V  [jvm.dll+0x210cfb]
V  [jvm.dll+0x5b2949]
V  [jvm.dll+0x22082e]
V  [jvm.dll+0x7d937d]
V  [jvm.dll+0x7da3ab]
V  [jvm.dll+0x7da974]
V  [jvm.dll+0x47c51b]
C  [java.dll+0x1a5d]

Java frames: (J=compiled Java code, j=interpreted, Vv=VM code)
j  java.lang.ClassLoader.findBootstrapClass(Ljava/lang/String;)Ljava/lang/Class;+0 java.base@21.0.10
j  java.lang.ClassLoader.findBootstrapClassOrNull(Ljava/lang/String;)Ljava/lang/Class;+10 java.base@21.0.10
j  java.lang.System$2.findBootstrapClassOrNull(Ljava/lang/String;)Ljava/lang/Class;+1 java.base@21.0.10
j  jdk.internal.loader.ClassLoaders$BootClassLoader.loadClassOrNull(Ljava/lang/String;Z)Ljava/lang/Class;+4 java.base@21.0.10
j  jdk.internal.loader.BuiltinClassLoader.loadClassOrNull(Ljava/lang/String;)Ljava/lang/Class;+3 java.base@21.0.10
j  jdk.internal.loader.BuiltinClassLoader.loadClassOrNull(Ljava/lang/String;Z)Ljava/lang/Class;+66 java.base@21.0.10
j  jdk.internal.loader.BuiltinClassLoader.loadClass(Ljava/lang/String;Z)Ljava/lang/Class;+3 java.base@21.0.10
j  jdk.internal.loader.ClassLoaders$AppClassLoader.loadClass(Ljava/lang/String;Z)Ljava/lang/Class;+36 java.base@21.0.10
j  java.lang.ClassLoader.loadClass(Ljava/lang/String;)Ljava/lang/Class;+3 java.base@21.0.10
v  ~StubRoutines::call_stub 0x000002546b22100d
j  java.lang.Class.getDeclaredMethods0(Z)[Ljava/lang/reflect/Method;+0 java.base@21.0.10
j  java.lang.Class.privateGetDeclaredMethods(Z)[Ljava/lang/reflect/Method;+34 java.base@21.0.10
j  java.lang.Class.getMethodsRecursive(Ljava/lang/String;[Ljava/lang/Class;Z)Ljava/lang/PublicMethods$MethodList;+2 java.base@21.0.10
j  java.lang.Class.getMethod0(Ljava/lang/String;[Ljava/lang/Class;)Ljava/lang/reflect/Method;+14 java.base@21.0.10
j  java.lang.Class.getMethod(Ljava/lang/String;[Ljava/lang/Class;)Ljava/lang/reflect/Method;+26 java.base@21.0.10
j  jdk.internal.misc.MainMethodFinder.findMainMethod(Ljava/lang/Class;)Ljava/lang/reflect/Method;+28 java.base@21.0.10
j  sun.launcher.LauncherHelper.validateMainClass(Ljava/lang/Class;)V+3 java.base@21.0.10
j  sun.launcher.LauncherHelper.checkAndLoadMain(ZILjava/lang/String;)Ljava/lang/Class;+80 java.base@21.0.10
v  ~StubRoutines::call_stub 0x000002546b22100d

---------------  P R O C E S S  ---------------

Threads class SMR info:
_java_thread_list=0x000002540425a5e0, length=11, elements={
0x00000254596babd0, 0x00000254040aa000, 0x00000254040ab960, 0x00000254040b44a0,
0x0000025404091090, 0x0000025404093820, 0x0000025404094560, 0x0000025404095e30,
0x00000254040f1fe0, 0x000002540427fda0, 0x00000254042809e0
}

Java Threads: ( => current thread )
=>0x00000254596babd0 JavaThread "main"                              [_thread_in_vm, id=6112, stack(0x0000006761f00000,0x0000006762000000) (1024K)]
  0x00000254040aa000 JavaThread "Reference Handler"          daemon [_thread_blocked, id=12956, stack(0x0000006762700000,0x0000006762800000) (1024K)]
  0x00000254040ab960 JavaThread "Finalizer"                  daemon [_thread_blocked, id=7240, stack(0x0000006762800000,0x0000006762900000) (1024K)]
  0x00000254040b44a0 JavaThread "Signal Dispatcher"          daemon [_thread_blocked, id=8588, stack(0x0000006762900000,0x0000006762a00000) (1024K)]
  0x0000025404091090 JavaThread "Attach Listener"            daemon [_thread_blocked, id=3568, stack(0x0000006762a00000,0x0000006762b00000) (1024K)]
  0x0000025404093820 JavaThread "Service Thread"             daemon [_thread_blocked, id=6088, stack(0x0000006762b00000,0x0000006762c00000) (1024K)]
  0x0000025404094560 JavaThread "Monitor Deflation Thread"   daemon [_thread_blocked, id=12424, stack(0x0000006762c00000,0x0000006762d00000) (1024K)]
  0x0000025404095e30 JavaThread "C2 CompilerThread0"         daemon [_thread_blocked, id=2304, stack(0x0000006762d00000,0x0000006762e00000) (1024K)]
  0x00000254040f1fe0 JavaThread "C1 CompilerThread0"         daemon [_thread_blocked, id=804, stack(0x0000006762e00000,0x0000006762f00000) (1024K)]
  0x000002540427fda0 JavaThread "Notification Thread"        daemon [_thread_blocked, id=2712, stack(0x0000006762f00000,0x0000006763000000) (1024K)]
  0x00000254042809e0 JavaThread "Common-Cleaner"             daemon [_thread_blocked, id=14244, stack(0x0000006763000000,0x0000006763100000) (1024K)]
Total: 11

Other Threads:
  0x00000254779d56f0 VMThread "VM Thread"                           [id=9440, stack(0x0000006762600000,0x0000006762700000) (1024K)]
  0x00000254779851e0 WatcherThread "VM Periodic Task Thread"        [id=5752, stack(0x0000006762500000,0x0000006762600000) (1024K)]
  0x000002545b89a710 WorkerThread "GC Thread#0"                     [id=12656, stack(0x0000006762000000,0x0000006762100000) (1024K)]
  0x000002545b8abb60 ConcurrentGCThread "G1 Main Marker"            [id=5680, stack(0x0000006762100000,0x0000006762200000) (1024K)]
  0x000002545b8adba0 WorkerThread "G1 Conc#0"                       [id=4252, stack(0x0000006762200000,0x0000006762300000) (1024K)]
  0x00000254778425f0 ConcurrentGCThread "G1 Refine#0"               [id=1688, stack(0x0000006762300000,0x0000006762400000) (1024K)]
  0x0000025477843e30 ConcurrentGCThread "G1 Service"                [id=10492, stack(0x0000006762400000,0x0000006762500000) (1024K)]
Total: 7

Threads with active compile tasks:
Total: 0

VM state: not at safepoint (normal execution)

VM Mutex/Monitor currently owned by a thread:  ([mutex/lock_event])
[0x00007ffbb27b7f10] Metaspace_lock - owner thread: 0x00000254596babd0

Heap address: 0x0000000081600000, size: 2026 MB, Compressed Oops mode: 32-bit

CDS archive(s) not mapped
Compressed class space mapped at: 0x0000000100000000-0x0000000140000000, reserved size: 1073741824
Narrow klass base: 0x0000000000000000, Narrow klass shift: 3, Narrow klass range: 0x140000000

GC Precious Log:
 CardTable entry size: 512
 Card Set container configuration: InlinePtr #cards 5 size 8 Array Of Cards #cards 12 size 40 Howl #buckets 4 coarsen threshold 1843 Howl Bitmap #cards 512 size 80 coarsen threshold 460 Card regions per heap region 1 cards per card region 2048
 CPUs: 4 total, 4 available
 Memory: 8098M
 Large Page Support: Disabled
 NUMA Support: Disabled
 Compressed Oops: Enabled (32-bit)
 Heap Region Size: 1M
 Heap Min Capacity: 8M
 Heap Initial Capacity: 128M
 Heap Max Capacity: 2026M
 Pre-touch: Disabled
 Parallel Workers: 4
 Concurrent Workers: 1
 Concurrent Refinement Workers: 4
 Periodic GC: Disabled

Heap:
 garbage-first heap   total 131072K, used 1024K [0x0000000081600000, 0x0000000100000000)
  region size 1024K, 2 young (2048K), 0 survivors (0K)
 Metaspace       used 4896K, committed 5056K, reserved 1114112K
  class space    used 385K, committed 448K, reserved 1048576K

Heap Regions: E=young(eden), S=young(survivor), O=old, HS=humongous(starts), HC=humongous(continues), CS=collection set, F=free, TAMS=top-at-mark-start, PB=parsable bottom
|   0|0x0000000081600000, 0x0000000081600000, 0x0000000081700000|  0%| F|  |TAMS 0x0000000081600000| PB 0x0000000081600000| Untracked 
|   1|0x0000000081700000, 0x0000000081700000, 0x0000000081800000|  0%| F|  |TAMS 0x0000000081700000| PB 0x0000000081700000| Untracked 
|   2|0x0000000081800000, 0x0000000081800000, 0x0000000081900000|  0%| F|  |TAMS 0x0000000081800000| PB 0x0000000081800000| Untracked 
|   3|0x0000000081900000, 0x0000000081900000, 0x0000000081a00000|  0%| F|  |TAMS 0x0000000081900000| PB 0x0000000081900000| Untracked 
|   4|0x0000000081a00000, 0x0000000081a00000, 0x0000000081b00000|  0%| F|  |TAMS 0x0000000081a00000| PB 0x0000000081a00000| Untracked 
|   5|0x0000000081b00000, 0x0000000081b00000, 0x0000000081c00000|  0%| F|  |TAMS 0x0000000081b00000| PB 0x0000000081b00000| Untracked 
|   6|0x0000000081c00000, 0x0000000081c00000, 0x0000000081d00000|  0%| F|  |TAMS 0x0000000081c00000| PB 0x0000000081c00000| Untracked 
|   7|0x0000000081d00000, 0x0000000081d00000, 0x0000000081e00000|  0%| F|  |TAMS 0x0000000081d00000| PB 0x0000000081d00000| Untracked 
|   8|0x0000000081e00000, 0x0000000081e00000, 0x0000000081f00000|  0%| F|  |TAMS 0x0000000081e00000| PB 0x0000000081e00000| Untracked 
|   9|0x0000000081f00000, 0x0000000081f00000, 0x0000000082000000|  0%| F|  |TAMS 0x0000000081f00000| PB 0x0000000081f00000| Untracked 
|  10|0x0000000082000000, 0x0000000082000000, 0x0000000082100000|  0%| F|  |TAMS 0x0000000082000000| PB 0x0000000082000000| Untracked 
|  11|0x0000000082100000, 0x0000000082100000, 0x0000000082200000|  0%| F|  |TAMS 0x0000000082100000| PB 0x0000000082100000| Untracked 
|  12|0x0000000082200000, 0x0000000082200000, 0x0000000082300000|  0%| F|  |TAMS 0x0000000082200000| PB 0x0000000082200000| Untracked 
|  13|0x0000000082300000, 0x0000000082300000, 0x0000000082400000|  0%| F|  |TAMS 0x0000000082300000| PB 0x0000000082300000| Untracked 
|  14|0x0000000082400000, 0x0000000082400000, 0x0000000082500000|  0%| F|  |TAMS 0x0000000082400000| PB 0x0000000082400000| Untracked 
|  15|0x0000000082500000, 0x0000000082500000, 0x0000000082600000|  0%| F|  |TAMS 0x0000000082500000| PB 0x0000000082500000| Untracked 
|  16|0x0000000082600000, 0x0000000082600000, 0x0000000082700000|  0%| F|  |TAMS 0x0000000082600000| PB 0x0000000082600000| Untracked 
|  17|0x0000000082700000, 0x0000000082700000, 0x0000000082800000|  0%| F|  |TAMS 0x0000000082700000| PB 0x0000000082700000| Untracked 
|  18|0x0000000082800000, 0x0000000082800000, 0x0000000082900000|  0%| F|  |TAMS 0x0000000082800000| PB 0x0000000082800000| Untracked 
|  19|0x0000000082900000, 0x0000000082900000, 0x0000000082a00000|  0%| F|  |TAMS 0x0000000082900000| PB 0x0000000082900000| Untracked 
|  20|0x0000000082a00000, 0x0000000082a00000, 0x0000000082b00000|  0%| F|  |TAMS 0x0000000082a00000| PB 0x0000000082a00000| Untracked 
|  21|0x0000000082b00000, 0x0000000082b00000, 0x0000000082c00000|  0%| F|  |TAMS 0x0000000082b00000| PB 0x0000000082b00000| Untracked 
|  22|0x0000000082c00000, 0x0000000082c00000, 0x0000000082d00000|  0%| F|  |TAMS 0x0000000082c00000| PB 0x0000000082c00000| Untracked 
|  23|0x0000000082d00000, 0x0000000082d00000, 0x0000000082e00000|  0%| F|  |TAMS 0x0000000082d00000| PB 0x0000000082d00000| Untracked 
|  24|0x0000000082e00000, 0x0000000082e00000, 0x0000000082f00000|  0%| F|  |TAMS 0x0000000082e00000| PB 0x0000000082e00000| Untracked 
|  25|0x0000000082f00000, 0x0000000082f00000, 0x0000000083000000|  0%| F|  |TAMS 0x0000000082f00000| PB 0x0000000082f00000| Untracked 
|  26|0x0000000083000000, 0x0000000083000000, 0x0000000083100000|  0%| F|  |TAMS 0x0000000083000000| PB 0x0000000083000000| Untracked 
|  27|0x0000000083100000, 0x0000000083100000, 0x0000000083200000|  0%| F|  |TAMS 0x0000000083100000| PB 0x0000000083100000| Untracked 
|  28|0x0000000083200000, 0x0000000083200000, 0x0000000083300000|  0%| F|  |TAMS 0x0000000083200000| PB 0x0000000083200000| Untracked 
|  29|0x0000000083300000, 0x0000000083300000, 0x0000000083400000|  0%| F|  |TAMS 0x0000000083300000| PB 0x0000000083300000| Untracked 
|  30|0x0000000083400000, 0x0000000083400000, 0x0000000083500000|  0%| F|  |TAMS 0x0000000083400000| PB 0x0000000083400000| Untracked 
|  31|0x0000000083500000, 0x0000000083500000, 0x0000000083600000|  0%| F|  |TAMS 0x0000000083500000| PB 0x0000000083500000| Untracked 
|  32|0x0000000083600000, 0x0000000083600000, 0x0000000083700000|  0%| F|  |TAMS 0x0000000083600000| PB 0x0000000083600000| Untracked 
|  33|0x0000000083700000, 0x0000000083700000, 0x0000000083800000|  0%| F|  |TAMS 0x0000000083700000| PB 0x0000000083700000| Untracked 
|  34|0x0000000083800000, 0x0000000083800000, 0x0000000083900000|  0%| F|  |TAMS 0x0000000083800000| PB 0x0000000083800000| Untracked 
|  35|0x0000000083900000, 0x0000000083900000, 0x0000000083a00000|  0%| F|  |TAMS 0x0000000083900000| PB 0x0000000083900000| Untracked 
|  36|0x0000000083a00000, 0x0000000083a00000, 0x0000000083b00000|  0%| F|  |TAMS 0x0000000083a00000| PB 0x0000000083a00000| Untracked 
|  37|0x0000000083b00000, 0x0000000083b00000, 0x0000000083c00000|  0%| F|  |TAMS 0x0000000083b00000| PB 0x0000000083b00000| Untracked 
|  38|0x0000000083c00000, 0x0000000083c00000, 0x0000000083d00000|  0%| F|  |TAMS 0x0000000083c00000| PB 0x0000000083c00000| Untracked 
|  39|0x0000000083d00000, 0x0000000083d00000, 0x0000000083e00000|  0%| F|  |TAMS 0x0000000083d00000| PB 0x0000000083d00000| Untracked 
|  40|0x0000000083e00000, 0x0000000083e00000, 0x0000000083f00000|  0%| F|  |TAMS 0x0000000083e00000| PB 0x0000000083e00000| Untracked 
|  41|0x0000000083f00000, 0x0000000083f00000, 0x0000000084000000|  0%| F|  |TAMS 0x0000000083f00000| PB 0x0000000083f00000| Untracked 
|  42|0x0000000084000000, 0x0000000084000000, 0x0000000084100000|  0%| F|  |TAMS 0x0000000084000000| PB 0x0000000084000000| Untracked 
|  43|0x0000000084100000, 0x0000000084100000, 0x0000000084200000|  0%| F|  |TAMS 0x0000000084100000| PB 0x0000000084100000| Untracked 
|  44|0x0000000084200000, 0x0000000084200000, 0x0000000084300000|  0%| F|  |TAMS 0x0000000084200000| PB 0x0000000084200000| Untracked 
|  45|0x0000000084300000, 0x0000000084300000, 0x0000000084400000|  0%| F|  |TAMS 0x0000000084300000| PB 0x0000000084300000| Untracked 
|  46|0x0000000084400000, 0x0000000084400000, 0x0000000084500000|  0%| F|  |TAMS 0x0000000084400000| PB 0x0000000084400000| Untracked 
|  47|0x0000000084500000, 0x0000000084500000, 0x0000000084600000|  0%| F|  |TAMS 0x0000000084500000| PB 0x0000000084500000| Untracked 
|  48|0x0000000084600000, 0x0000000084600000, 0x0000000084700000|  0%| F|  |TAMS 0x0000000084600000| PB 0x0000000084600000| Untracked 
|  49|0x0000000084700000, 0x0000000084700000, 0x0000000084800000|  0%| F|  |TAMS 0x0000000084700000| PB 0x0000000084700000| Untracked 
|  50|0x0000000084800000, 0x0000000084800000, 0x0000000084900000|  0%| F|  |TAMS 0x0000000084800000| PB 0x0000000084800000| Untracked 
|  51|0x0000000084900000, 0x0000000084900000, 0x0000000084a00000|  0%| F|  |TAMS 0x0000000084900000| PB 0x0000000084900000| Untracked 
|  52|0x0000000084a00000, 0x0000000084a00000, 0x0000000084b00000|  0%| F|  |TAMS 0x0000000084a00000| PB 0x0000000084a00000| Untracked 
|  53|0x0000000084b00000, 0x0000000084b00000, 0x0000000084c00000|  0%| F|  |TAMS 0x0000000084b00000| PB 0x0000000084b00000| Untracked 
|  54|0x0000000084c00000, 0x0000000084c00000, 0x0000000084d00000|  0%| F|  |TAMS 0x0000000084c00000| PB 0x0000000084c00000| Untracked 
|  55|0x0000000084d00000, 0x0000000084d00000, 0x0000000084e00000|  0%| F|  |TAMS 0x0000000084d00000| PB 0x0000000084d00000| Untracked 
|  56|0x0000000084e00000, 0x0000000084e00000, 0x0000000084f00000|  0%| F|  |TAMS 0x0000000084e00000| PB 0x0000000084e00000| Untracked 
|  57|0x0000000084f00000, 0x0000000084f00000, 0x0000000085000000|  0%| F|  |TAMS 0x0000000084f00000| PB 0x0000000084f00000| Untracked 
|  58|0x0000000085000000, 0x0000000085000000, 0x0000000085100000|  0%| F|  |TAMS 0x0000000085000000| PB 0x0000000085000000| Untracked 
|  59|0x0000000085100000, 0x0000000085100000, 0x0000000085200000|  0%| F|  |TAMS 0x0000000085100000| PB 0x0000000085100000| Untracked 
|  60|0x0000000085200000, 0x0000000085200000, 0x0000000085300000|  0%| F|  |TAMS 0x0000000085200000| PB 0x0000000085200000| Untracked 
|  61|0x0000000085300000, 0x0000000085300000, 0x0000000085400000|  0%| F|  |TAMS 0x0000000085300000| PB 0x0000000085300000| Untracked 
|  62|0x0000000085400000, 0x0000000085400000, 0x0000000085500000|  0%| F|  |TAMS 0x0000000085400000| PB 0x0000000085400000| Untracked 
|  63|0x0000000085500000, 0x0000000085500000, 0x0000000085600000|  0%| F|  |TAMS 0x0000000085500000| PB 0x0000000085500000| Untracked 
|  64|0x0000000085600000, 0x0000000085600000, 0x0000000085700000|  0%| F|  |TAMS 0x0000000085600000| PB 0x0000000085600000| Untracked 
|  65|0x0000000085700000, 0x0000000085700000, 0x0000000085800000|  0%| F|  |TAMS 0x0000000085700000| PB 0x0000000085700000| Untracked 
|  66|0x0000000085800000, 0x0000000085800000, 0x0000000085900000|  0%| F|  |TAMS 0x0000000085800000| PB 0x0000000085800000| Untracked 
|  67|0x0000000085900000, 0x0000000085900000, 0x0000000085a00000|  0%| F|  |TAMS 0x0000000085900000| PB 0x0000000085900000| Untracked 
|  68|0x0000000085a00000, 0x0000000085a00000, 0x0000000085b00000|  0%| F|  |TAMS 0x0000000085a00000| PB 0x0000000085a00000| Untracked 
|  69|0x0000000085b00000, 0x0000000085b00000, 0x0000000085c00000|  0%| F|  |TAMS 0x0000000085b00000| PB 0x0000000085b00000| Untracked 
|  70|0x0000000085c00000, 0x0000000085c00000, 0x0000000085d00000|  0%| F|  |TAMS 0x0000000085c00000| PB 0x0000000085c00000| Untracked 
|  71|0x0000000085d00000, 0x0000000085d00000, 0x0000000085e00000|  0%| F|  |TAMS 0x0000000085d00000| PB 0x0000000085d00000| Untracked 
|  72|0x0000000085e00000, 0x0000000085e00000, 0x0000000085f00000|  0%| F|  |TAMS 0x0000000085e00000| PB 0x0000000085e00000| Untracked 
|  73|0x0000000085f00000, 0x0000000085f00000, 0x0000000086000000|  0%| F|  |TAMS 0x0000000085f00000| PB 0x0000000085f00000| Untracked 
|  74|0x0000000086000000, 0x0000000086000000, 0x0000000086100000|  0%| F|  |TAMS 0x0000000086000000| PB 0x0000000086000000| Untracked 
|  75|0x0000000086100000, 0x0000000086100000, 0x0000000086200000|  0%| F|  |TAMS 0x0000000086100000| PB 0x0000000086100000| Untracked 
|  76|0x0000000086200000, 0x0000000086200000, 0x0000000086300000|  0%| F|  |TAMS 0x0000000086200000| PB 0x0000000086200000| Untracked 
|  77|0x0000000086300000, 0x0000000086300000, 0x0000000086400000|  0%| F|  |TAMS 0x0000000086300000| PB 0x0000000086300000| Untracked 
|  78|0x0000000086400000, 0x0000000086400000, 0x0000000086500000|  0%| F|  |TAMS 0x0000000086400000| PB 0x0000000086400000| Untracked 
|  79|0x0000000086500000, 0x0000000086500000, 0x0000000086600000|  0%| F|  |TAMS 0x0000000086500000| PB 0x0000000086500000| Untracked 
|  80|0x0000000086600000, 0x0000000086600000, 0x0000000086700000|  0%| F|  |TAMS 0x0000000086600000| PB 0x0000000086600000| Untracked 
|  81|0x0000000086700000, 0x0000000086700000, 0x0000000086800000|  0%| F|  |TAMS 0x0000000086700000| PB 0x0000000086700000| Untracked 
|  82|0x0000000086800000, 0x0000000086800000, 0x0000000086900000|  0%| F|  |TAMS 0x0000000086800000| PB 0x0000000086800000| Untracked 
|  83|0x0000000086900000, 0x0000000086900000, 0x0000000086a00000|  0%| F|  |TAMS 0x0000000086900000| PB 0x0000000086900000| Untracked 
|  84|0x0000000086a00000, 0x0000000086a00000, 0x0000000086b00000|  0%| F|  |TAMS 0x0000000086a00000| PB 0x0000000086a00000| Untracked 
|  85|0x0000000086b00000, 0x0000000086b00000, 0x0000000086c00000|  0%| F|  |TAMS 0x0000000086b00000| PB 0x0000000086b00000| Untracked 
|  86|0x0000000086c00000, 0x0000000086c00000, 0x0000000086d00000|  0%| F|  |TAMS 0x0000000086c00000| PB 0x0000000086c00000| Untracked 
|  87|0x0000000086d00000, 0x0000000086d00000, 0x0000000086e00000|  0%| F|  |TAMS 0x0000000086d00000| PB 0x0000000086d00000| Untracked 
|  88|0x0000000086e00000, 0x0000000086e00000, 0x0000000086f00000|  0%| F|  |TAMS 0x0000000086e00000| PB 0x0000000086e00000| Untracked 
|  89|0x0000000086f00000, 0x0000000086f00000, 0x0000000087000000|  0%| F|  |TAMS 0x0000000086f00000| PB 0x0000000086f00000| Untracked 
|  90|0x0000000087000000, 0x0000000087000000, 0x0000000087100000|  0%| F|  |TAMS 0x0000000087000000| PB 0x0000000087000000| Untracked 
|  91|0x0000000087100000, 0x0000000087100000, 0x0000000087200000|  0%| F|  |TAMS 0x0000000087100000| PB 0x0000000087100000| Untracked 
|  92|0x0000000087200000, 0x0000000087200000, 0x0000000087300000|  0%| F|  |TAMS 0x0000000087200000| PB 0x0000000087200000| Untracked 
|  93|0x0000000087300000, 0x0000000087300000, 0x0000000087400000|  0%| F|  |TAMS 0x0000000087300000| PB 0x0000000087300000| Untracked 
|  94|0x0000000087400000, 0x0000000087400000, 0x0000000087500000|  0%| F|  |TAMS 0x0000000087400000| PB 0x0000000087400000| Untracked 
|  95|0x0000000087500000, 0x0000000087500000, 0x0000000087600000|  0%| F|  |TAMS 0x0000000087500000| PB 0x0000000087500000| Untracked 
|  96|0x0000000087600000, 0x0000000087600000, 0x0000000087700000|  0%| F|  |TAMS 0x0000000087600000| PB 0x0000000087600000| Untracked 
|  97|0x0000000087700000, 0x0000000087700000, 0x0000000087800000|  0%| F|  |TAMS 0x0000000087700000| PB 0x0000000087700000| Untracked 
|  98|0x0000000087800000, 0x0000000087800000, 0x0000000087900000|  0%| F|  |TAMS 0x0000000087800000| PB 0x0000000087800000| Untracked 
|  99|0x0000000087900000, 0x0000000087900000, 0x0000000087a00000|  0%| F|  |TAMS 0x0000000087900000| PB 0x0000000087900000| Untracked 
| 100|0x0000000087a00000, 0x0000000087a00000, 0x0000000087b00000|  0%| F|  |TAMS 0x0000000087a00000| PB 0x0000000087a00000| Untracked 
| 101|0x0000000087b00000, 0x0000000087b00000, 0x0000000087c00000|  0%| F|  |TAMS 0x0000000087b00000| PB 0x0000000087b00000| Untracked 
| 102|0x0000000087c00000, 0x0000000087c00000, 0x0000000087d00000|  0%| F|  |TAMS 0x0000000087c00000| PB 0x0000000087c00000| Untracked 
| 103|0x0000000087d00000, 0x0000000087d00000, 0x0000000087e00000|  0%| F|  |TAMS 0x0000000087d00000| PB 0x0000000087d00000| Untracked 
| 104|0x0000000087e00000, 0x0000000087e00000, 0x0000000087f00000|  0%| F|  |TAMS 0x0000000087e00000| PB 0x0000000087e00000| Untracked 
| 105|0x0000000087f00000, 0x0000000087f00000, 0x0000000088000000|  0%| F|  |TAMS 0x0000000087f00000| PB 0x0000000087f00000| Untracked 
| 106|0x0000000088000000, 0x0000000088000000, 0x0000000088100000|  0%| F|  |TAMS 0x0000000088000000| PB 0x0000000088000000| Untracked 
| 107|0x0000000088100000, 0x0000000088100000, 0x0000000088200000|  0%| F|  |TAMS 0x0000000088100000| PB 0x0000000088100000| Untracked 
| 108|0x0000000088200000, 0x0000000088200000, 0x0000000088300000|  0%| F|  |TAMS 0x0000000088200000| PB 0x0000000088200000| Untracked 
| 109|0x0000000088300000, 0x0000000088300000, 0x0000000088400000|  0%| F|  |TAMS 0x0000000088300000| PB 0x0000000088300000| Untracked 
| 110|0x0000000088400000, 0x0000000088400000, 0x0000000088500000|  0%| F|  |TAMS 0x0000000088400000| PB 0x0000000088400000| Untracked 
| 111|0x0000000088500000, 0x0000000088500000, 0x0000000088600000|  0%| F|  |TAMS 0x0000000088500000| PB 0x0000000088500000| Untracked 
| 112|0x0000000088600000, 0x0000000088600000, 0x0000000088700000|  0%| F|  |TAMS 0x0000000088600000| PB 0x0000000088600000| Untracked 
| 113|0x0000000088700000, 0x0000000088700000, 0x0000000088800000|  0%| F|  |TAMS 0x0000000088700000| PB 0x0000000088700000| Untracked 
| 114|0x0000000088800000, 0x0000000088800000, 0x0000000088900000|  0%| F|  |TAMS 0x0000000088800000| PB 0x0000000088800000| Untracked 
| 115|0x0000000088900000, 0x0000000088900000, 0x0000000088a00000|  0%| F|  |TAMS 0x0000000088900000| PB 0x0000000088900000| Untracked 
| 116|0x0000000088a00000, 0x0000000088a00000, 0x0000000088b00000|  0%| F|  |TAMS 0x0000000088a00000| PB 0x0000000088a00000| Untracked 
| 117|0x0000000088b00000, 0x0000000088b00000, 0x0000000088c00000|  0%| F|  |TAMS 0x0000000088b00000| PB 0x0000000088b00000| Untracked 
| 118|0x0000000088c00000, 0x0000000088c00000, 0x0000000088d00000|  0%| F|  |TAMS 0x0000000088c00000| PB 0x0000000088c00000| Untracked 
| 119|0x0000000088d00000, 0x0000000088d00000, 0x0000000088e00000|  0%| F|  |TAMS 0x0000000088d00000| PB 0x0000000088d00000| Untracked 
| 120|0x0000000088e00000, 0x0000000088e00000, 0x0000000088f00000|  0%| F|  |TAMS 0x0000000088e00000| PB 0x0000000088e00000| Untracked 
| 121|0x0000000088f00000, 0x0000000088f00000, 0x0000000089000000|  0%| F|  |TAMS 0x0000000088f00000| PB 0x0000000088f00000| Untracked 
| 122|0x0000000089000000, 0x0000000089000000, 0x0000000089100000|  0%| F|  |TAMS 0x0000000089000000| PB 0x0000000089000000| Untracked 
| 123|0x0000000089100000, 0x0000000089100000, 0x0000000089200000|  0%| F|  |TAMS 0x0000000089100000| PB 0x0000000089100000| Untracked 
| 124|0x0000000089200000, 0x0000000089200000, 0x0000000089300000|  0%| F|  |TAMS 0x0000000089200000| PB 0x0000000089200000| Untracked 
| 125|0x0000000089300000, 0x0000000089300000, 0x0000000089400000|  0%| F|  |TAMS 0x0000000089300000| PB 0x0000000089300000| Untracked 
| 126|0x0000000089400000, 0x00000000894c7bf0, 0x0000000089500000| 78%| E|  |TAMS 0x0000000089400000| PB 0x0000000089400000| Complete 
| 127|0x0000000089500000, 0x0000000089600000, 0x0000000089600000|100%| E|CS|TAMS 0x0000000089500000| PB 0x0000000089500000| Complete 

Card table byte_map: [0x00000254730f0000,0x00000254734f0000] _byte_map_base: 0x0000025472ce5000

Marking Bits: (CMBitMap*) 0x000002545b89ad30
 Bits: [0x00000254734f0000, 0x0000025475498000)

Polling page: 0x00000254597a0000

Metaspace:

Usage:
  Non-class:      4.41 MB used.
      Class:    385.27 KB used.
       Both:      4.78 MB used.

Virtual space:
  Non-class space:       64.00 MB reserved,       4.50 MB (  7%) committed,  1 nodes.
      Class space:        1.00 GB reserved,     448.00 KB ( <1%) committed,  1 nodes.
             Both:        1.06 GB reserved,       4.94 MB ( <1%) committed. 

Chunk freelists:
   Non-Class:  11.00 MB
       Class:  15.55 MB
        Both:  26.55 MB

MaxMetaspaceSize: unlimited
CompressedClassSpaceSize: 1.00 GB
Initial GC threshold: 21.00 MB
Current GC threshold: 21.00 MB
CDS: off
 - commit_granule_bytes: 65536.
 - commit_granule_words: 8192.
 - virtual_space_node_default_size: 8388608.
 - enlarge_chunks_in_place: 1.
 - use_allocation_guard: 0.


Internal statistics:

num_allocs_failed_limit: 0.
num_arena_births: 4.
num_arena_deaths: 0.
num_vsnodes_births: 2.
num_vsnodes_deaths: 0.
num_space_committed: 79.
num_space_uncommitted: 0.
num_chunks_returned_to_freelist: 0.
num_chunks_taken_from_freelist: 7.
num_chunk_merges: 0.
num_chunk_splits: 3.
num_chunks_enlarged: 0.
num_inconsistent_stats: 0.

CodeHeap 'non-profiled nmethods': size=120000Kb used=18Kb max_used=18Kb free=119981Kb
 bounds [0x000002546b7c0000, 0x000002546ba30000, 0x0000025472cf0000]
CodeHeap 'profiled nmethods': size=120000Kb used=93Kb max_used=93Kb free=119907Kb
 bounds [0x0000025463cf0000, 0x0000025463f60000, 0x000002546b220000]
CodeHeap 'non-nmethods': size=5760Kb used=1181Kb max_used=1181Kb free=4578Kb
 bounds [0x000002546b220000, 0x000002546b490000, 0x000002546b7c0000]
 total_blobs=388 nmethods=74 adapters=219
 compilation: enabled
              stopped_count=0, restarted_count=0
 full_count=0

Compilation events (20 events):
Event: 0.116 Thread 0x00000254040f1fe0   63       3       java.util.ImmutableCollections$Set12$1::hasNext (13 bytes)
Event: 0.116 Thread 0x00000254040f1fe0 nmethod 63 0x0000025463d05a10 code [0x0000025463d05ba0, 0x0000025463d05d08]
Event: 0.116 Thread 0x00000254040f1fe0   60       1       java.lang.module.ModuleDescriptor$Exports::source (5 bytes)
Event: 0.116 Thread 0x00000254040f1fe0 nmethod 60 0x000002546b7c3c90 code [0x000002546b7c3e20, 0x000002546b7c3ee8]
Event: 0.116 Thread 0x00000254040f1fe0   61       1       java.lang.module.ResolvedModule::configuration (5 bytes)
Event: 0.116 Thread 0x00000254040f1fe0 nmethod 61 0x000002546b7c3f90 code [0x000002546b7c4120, 0x000002546b7c41e8]
Event: 0.116 Thread 0x00000254040f1fe0   68       1       java.lang.module.ModuleDescriptor$Exports::targets (5 bytes)
Event: 0.116 Thread 0x00000254040f1fe0 nmethod 68 0x000002546b7c4290 code [0x000002546b7c4420, 0x000002546b7c44e8]
Event: 0.116 Thread 0x00000254040f1fe0   69       1       java.util.ImmutableCollections$Set12::isEmpty (2 bytes)
Event: 0.116 Thread 0x00000254040f1fe0 nmethod 69 0x000002546b7c4590 code [0x000002546b7c4720, 0x000002546b7c47e8]
Event: 0.116 Thread 0x00000254040f1fe0   70       3       java.util.ImmutableCollections$Set12$1::next (95 bytes)
Event: 0.116 Thread 0x00000254040f1fe0 nmethod 70 0x0000025463d05d90 code [0x0000025463d05f60, 0x0000025463d06248]
Event: 0.118 Thread 0x00000254040f1fe0   71       3       java.lang.Math::min (11 bytes)
Event: 0.118 Thread 0x00000254040f1fe0 nmethod 71 0x0000025463d06390 code [0x0000025463d06520, 0x0000025463d06660]
Event: 0.120 Thread 0x00000254040f1fe0   72       3       java.lang.StringUTF16::getChar (60 bytes)
Event: 0.120 Thread 0x00000254040f1fe0 nmethod 72 0x0000025463d06710 code [0x0000025463d068c0, 0x0000025463d06a30]
Event: 0.120 Thread 0x00000254040f1fe0   73       3       java.lang.AbstractStringBuilder::ensureCapacityInternal (39 bytes)
Event: 0.120 Thread 0x00000254040f1fe0 nmethod 73 0x0000025463d06b10 code [0x0000025463d06ce0, 0x0000025463d06f10]
Event: 0.121 Thread 0x00000254040f1fe0   74       3       java.lang.String::isEmpty (14 bytes)
Event: 0.121 Thread 0x00000254040f1fe0 nmethod 74 0x0000025463d07010 code [0x0000025463d071c0, 0x0000025463d07330]

GC Heap History (0 events):
No events

Dll operation events (2 events):
Event: 0.010 Loaded shared library C:\jdk-21.0.10\bin\java.dll
Event: 0.080 Loaded shared library C:\jdk-21.0.10\bin\jsvml.dll

Deoptimization events (0 events):
No events

Classes loaded (20 events):
Event: 0.129 Loading class javax/swing/JFrame done
Event: 0.129 Loading class java/lang/NamedPackage
Event: 0.129 Loading class java/lang/NamedPackage done
Event: 0.129 Loading class jdk/internal/misc/MainMethodFinder
Event: 0.129 Loading class jdk/internal/misc/MainMethodFinder done
Event: 0.130 Loading class jdk/internal/misc/PreviewFeatures
Event: 0.130 Loading class jdk/internal/misc/PreviewFeatures done
Event: 0.131 Loading class javax/swing/JLabel
Event: 0.131 Loading class javax/swing/SwingConstants
Event: 0.131 Loading class javax/swing/SwingConstants done
Event: 0.131 Loading class javax/swing/JComponent
Event: 0.132 Loading class javax/swing/JComponent done
Event: 0.132 Loading class javax/swing/JLabel done
Event: 0.132 Loading class javax/swing/JTextField
Event: 0.132 Loading class javax/swing/text/JTextComponent
Event: 0.132 Loading class javax/swing/Scrollable
Event: 0.132 Loading class javax/swing/Scrollable done
Event: 0.132 Loading class javax/swing/text/JTextComponent done
Event: 0.132 Loading class javax/swing/JTextField done
Event: 0.132 Loading class javax/swing/JTextArea

Classes unloaded (0 events):
No events

Classes redefined (0 events):
No events

Internal exceptions (0 events):
No events

ZGC Phase Switch (0 events):
No events

VM Operations (0 events):
No events

Events (11 events):
Event: 0.031 Thread 0x00000254596babd0 Thread added: 0x00000254596babd0
Event: 0.074 Thread 0x00000254040aa000 Thread added: 0x00000254040aa000
Event: 0.075 Thread 0x00000254040ab960 Thread added: 0x00000254040ab960
Event: 0.076 Thread 0x00000254040b44a0 Thread added: 0x00000254040b44a0
Event: 0.076 Thread 0x0000025404091090 Thread added: 0x0000025404091090
Event: 0.076 Thread 0x0000025404093820 Thread added: 0x0000025404093820
Event: 0.076 Thread 0x0000025404094560 Thread added: 0x0000025404094560
Event: 0.076 Thread 0x0000025404095e30 Thread added: 0x0000025404095e30
Event: 0.077 Thread 0x00000254040f1fe0 Thread added: 0x00000254040f1fe0
Event: 0.117 Thread 0x000002540427fda0 Thread added: 0x000002540427fda0
Event: 0.122 Thread 0x00000254042809e0 Thread added: 0x00000254042809e0


Dynamic libraries:
0x00007ff7ec840000 - 0x00007ff7ec850000 	C:\jdk-21.0.10\bin\javaw.exe
0x00007ffc1d9a0000 - 0x00007ffc1dc07000 	C:\WINDOWS\SYSTEM32\ntdll.dll
0x00007ffc1d230000 - 0x00007ffc1d2f9000 	C:\WINDOWS\System32\KERNEL32.DLL
0x00007ffc1a400000 - 0x00007ffc1a7f1000 	C:\WINDOWS\System32\KERNELBASE.dll
0x00007ffc1aaa0000 - 0x00007ffc1abeb000 	C:\WINDOWS\System32\ucrtbase.dll
0x00007ffc153f0000 - 0x00007ffc15409000 	C:\jdk-21.0.10\bin\jli.dll
0x00007ffc15a90000 - 0x00007ffc15aae000 	C:\jdk-21.0.10\bin\VCRUNTIME140.dll
0x00007ffc1c040000 - 0x00007ffc1c0fb000 	C:\WINDOWS\System32\ADVAPI32.dll
0x00007ffc1bf50000 - 0x00007ffc1bff9000 	C:\WINDOWS\System32\msvcrt.dll
0x00007ffc1d300000 - 0x00007ffc1d3a7000 	C:\WINDOWS\System32\sechost.dll
0x00007ffc1d660000 - 0x00007ffc1d778000 	C:\WINDOWS\System32\RPCRT4.dll
0x00007ffc1d430000 - 0x00007ffc1d5f5000 	C:\WINDOWS\System32\USER32.dll
0x00007ffc1b710000 - 0x00007ffc1b737000 	C:\WINDOWS\System32\win32u.dll
0x00007ffc1bee0000 - 0x00007ffc1bf0b000 	C:\WINDOWS\System32\GDI32.dll
0x00007ffc1a970000 - 0x00007ffc1aa9b000 	C:\WINDOWS\System32\gdi32full.dll
0x00007ffc0c560000 - 0x00007ffc0c7f3000 	C:\WINDOWS\WinSxS\amd64_microsoft.windows.common-controls_6595b64144ccf1df_6.0.26100.8037_none_3e092faae333b53b\COMCTL32.dll
0x00007ffc1abf0000 - 0x00007ffc1ac93000 	C:\WINDOWS\System32\msvcp_win.dll
0x00007ffc141b0000 - 0x00007ffc141bb000 	C:\WINDOWS\SYSTEM32\VERSION.dll
0x00007ffc1c000000 - 0x00007ffc1c031000 	C:\WINDOWS\System32\IMM32.DLL
0x00007ffc15b70000 - 0x00007ffc15b7c000 	C:\jdk-21.0.10\bin\vcruntime140_1.dll
0x00007ffbf7f50000 - 0x00007ffbf7fdd000 	C:\jdk-21.0.10\bin\msvcp140.dll
0x00007ffbb1b70000 - 0x00007ffbb2897000 	C:\jdk-21.0.10\bin\server\jvm.dll
0x00007ffc1d1b0000 - 0x00007ffc1d224000 	C:\WINDOWS\System32\WS2_32.dll
0x00007ffc1a100000 - 0x00007ffc1a15e000 	C:\WINDOWS\SYSTEM32\POWRPROF.dll
0x00007ffc0c9a0000 - 0x00007ffc0c9d5000 	C:\WINDOWS\SYSTEM32\WINMM.dll
0x00007ffc1a0c0000 - 0x00007ffc1a0d4000 	C:\WINDOWS\SYSTEM32\UMPDC.dll
0x00007ffc18fd0000 - 0x00007ffc18feb000 	C:\WINDOWS\SYSTEM32\kernel.appcore.dll
0x00007ffc15b30000 - 0x00007ffc15b3a000 	C:\jdk-21.0.10\bin\jimage.dll
0x00007ffc0ca00000 - 0x00007ffc0cc42000 	C:\WINDOWS\SYSTEM32\DBGHELP.DLL
0x00007ffc1c970000 - 0x00007ffc1ccf2000 	C:\WINDOWS\System32\combase.dll
0x00007ffc1cd00000 - 0x00007ffc1cdd7000 	C:\WINDOWS\System32\OLEAUT32.dll
0x00007ffbf8290000 - 0x00007ffbf82cb000 	C:\WINDOWS\SYSTEM32\dbgcore.DLL
0x00007ffc1aca0000 - 0x00007ffc1ad45000 	C:\WINDOWS\System32\bcryptPrimitives.dll
0x00007ffc065b0000 - 0x00007ffc065d1000 	C:\jdk-21.0.10\bin\java.dll
0x00007ffc1c100000 - 0x00007ffc1c85f000 	C:\WINDOWS\System32\SHELL32.dll
0x00007ffc1a800000 - 0x00007ffc1a96a000 	C:\WINDOWS\System32\wintypes.dll
0x00007ffc1ade0000 - 0x00007ffc1b644000 	C:\WINDOWS\System32\windows.storage.dll
0x00007ffc1c870000 - 0x00007ffc1c967000 	C:\WINDOWS\System32\SHCORE.dll
0x00007ffc1d110000 - 0x00007ffc1d177000 	C:\WINDOWS\System32\shlwapi.dll
0x00007ffc1a1a0000 - 0x00007ffc1a1c9000 	C:\WINDOWS\SYSTEM32\profapi.dll
0x00007ffbeebe0000 - 0x00007ffbeecb7000 	C:\jdk-21.0.10\bin\jsvml.dll

dbghelp: loaded successfully - version: 4.0.5 - missing functions: none
symbol engine: initialized successfully - sym options: 0x614 - pdb path: .;C:\jdk-21.0.10\bin;C:\WINDOWS\SYSTEM32;C:\WINDOWS\WinSxS\amd64_microsoft.windows.common-controls_6595b64144ccf1df_6.0.26100.8037_none_3e092faae333b53b;C:\jdk-21.0.10\bin\server

VM Arguments:
jvm_args: -Dfile.encoding=UTF-8 -Dstdout.encoding=UTF-8 -Dstderr.encoding=UTF-8 -XX:+ShowCodeDetailsInExceptionMessages 
java_command: Main
java_class_path (initial): C:\Users\Alunos\eclipse-workspace\TextoArea\build\classes
Launcher Type: SUN_STANDARD

[Global flags]
     intx CICompilerCount                          = 3                                         {product} {ergonomic}
     uint ConcGCThreads                            = 1                                         {product} {ergonomic}
     uint G1ConcRefinementThreads                  = 4                                         {product} {ergonomic}
   size_t G1HeapRegionSize                         = 1048576                                   {product} {ergonomic}
    uintx GCDrainStackTargetSize                   = 64                                        {product} {ergonomic}
   size_t InitialHeapSize                          = 134217728                                 {product} {ergonomic}
   size_t MarkStackSize                            = 4194304                                   {product} {ergonomic}
   size_t MaxHeapSize                              = 2124414976                                {product} {ergonomic}
   size_t MaxNewSize                               = 1274019840                                {product} {ergonomic}
   size_t MinHeapDeltaBytes                        = 1048576                                   {product} {ergonomic}
   size_t MinHeapSize                              = 8388608                                   {product} {ergonomic}
    uintx NonNMethodCodeHeapSize                   = 5832780                                {pd product} {ergonomic}
    uintx NonProfiledCodeHeapSize                  = 122912730                              {pd product} {ergonomic}
    uintx ProfiledCodeHeapSize                     = 122912730                              {pd product} {ergonomic}
    uintx ReservedCodeCacheSize                    = 251658240                              {pd product} {ergonomic}
     bool SegmentedCodeCache                       = true                                      {product} {ergonomic}
     bool ShowCodeDetailsInExceptionMessages       = true                                   {manageable} {command line}
   size_t SoftMaxHeapSize                          = 2124414976                             {manageable} {ergonomic}
     bool UseCompressedOops                        = true                           {product lp64_product} {ergonomic}
     bool UseG1GC                                  = true                                      {product} {ergonomic}
     bool UseLargePagesIndividualAllocation        = false                                  {pd product} {ergonomic}

Logging:
Log output configuration:
 #0: stdout all=warning uptime,level,tags foldmultilines=false
 #1: stderr all=off uptime,level,tags foldmultilines=false

Environment Variables:
JAVA_HOME=C:\jdk-21.0.10
PATH=C:/eclipse//plugins/org.eclipse.justj.openjdk.hotspot.jre.full.win32.x86_64_21.0.9.v20251105-0741/jre/bin/server;C:/eclipse//plugins/org.eclipse.justj.openjdk.hotspot.jre.full.win32.x86_64_21.0.9.v20251105-0741/jre/bin;C:\jdk-21.0.10\bin;C:\Program Files\Common Files\Oracle\Java\javapath;C:\Program Files\Python313\Scripts\;C:\Program Files\Python313\;C:\WINDOWS\system32;C:\WINDOWS;C:\WINDOWS\System32\Wbem;C:\WINDOWS\System32\WindowsPowerShell\v1.0\;C:\WINDOWS\System32\OpenSSH\;C:\Program Files\dotnet\;C:\Program Files\Docker\Docker\resources\bin;C:\Program Files\nodejs\;C:\ProgramData\chocolatey\bin;C:\Program Files\Git\cmd;C:\xampp\php;C:\composer;C:\Users\Alunos\AppData\Local\Microsoft\WindowsApps;C:\Users\Alunos\AppData\Local\Programs\Microsoft VS Code\bin;C:\Users\Alunos\.dotnet\tools;C:\Users\Alunos\AppData\Roaming\npm;C:\Users\Alunos\AppData\Roaming\Composer\vendor\bin;C:\eclipse;
USERNAME=Alunos
OS=Windows_NT
PROCESSOR_IDENTIFIER=Intel64 Family 6 Model 158 Stepping 9, GenuineIntel
TMP=C:\Users\Alunos\AppData\Local\Temp
TEMP=C:\Users\Alunos\AppData\Local\Temp




Periodic native trim disabled

---------------  S Y S T E M  ---------------

OS:
 Windows 11 , 64 bit Build 26100 (10.0.26100.7920)
OS uptime: 0 days 3:12 hours
Hyper-V role detected

CPU: total 4 (initial active 4) (4 cores per cpu, 1 threads per core) family 6 model 158 stepping 9 microcode 0xde, cx8, cmov, fxsr, mmx, 3dnowpref, sse, sse2, sse3, ssse3, sse4.1, sse4.2, popcnt, lzcnt, tsc, tscinvbit, avx, avx2, aes, erms, clmul, bmi1, bmi2, rtm, adx, fma, vzeroupper, clflush, clflushopt, hv, rdtscp, f16c
Processor Information for all 4 processors :
  Max Mhz: 3408, Current Mhz: 3408, Mhz Limit: 3408

Memory: 4k page, system-wide physical 8098M (740M free)
TotalPageFile size 8098M (AvailPageFile size 1M)
current process WorkingSet (physical memory assigned to process): 30M, peak: 30M
current process commit charge ("private bytes"): 193M, peak: 196M

vm_info: Java HotSpot(TM) 64-Bit Server VM (21.0.10+8-LTS-217) for windows-amd64 JRE (21.0.10+8-LTS-217), built on 2025-12-18T14:59:28Z by "mach5run" with MS VC++ 17.13 (VS2022)

END.
