#
# There is insufficient memory for the Java Runtime Environment to continue.
# Native memory allocation (mmap) failed to map 65536 bytes for Failed to commit metaspace.
# Possible reasons:
#   The system is out of physical RAM or swap space
#   The process is running with CompressedOops enabled, and the Java Heap may be blocking the growth of the native heap
# Possible solutions:
#   Reduce memory load on the system
#   Increase physical memory or swap space
#   Check if swap backing store is full
#   Decrease Java heap size (-Xmx/-Xms)
#   Decrease number of Java threads
#   Decrease Java thread stack sizes (-Xss)
#   Set larger code cache with -XX:ReservedCodeCacheSize=
#   JVM is running with Unscaled Compressed Oops mode in which the Java heap is
#     placed in the first 4GB address space. The Java Heap base address is the
#     maximum limit for the native heap growth. Please use -XX:HeapBaseMinAddress
#     to set the Java Heap base and to place the Java Heap above 4GB virtual address.
# This output file may be truncated or incomplete.
#
#  Out of Memory Error (virtualSpaceNode.cpp:112), pid=14132, tid=7768
#
# JRE version: Java(TM) SE Runtime Environment (21.0.10+8) (build 21.0.10+8-LTS-217)
# Java VM: Java HotSpot(TM) 64-Bit Server VM (21.0.10+8-LTS-217, mixed mode, tiered, compressed oops, compressed class ptrs, g1 gc, windows-amd64)
# No core dump will be written. Minidumps are not enabled by default on client versions of Windows
#

---------------  S U M M A R Y ------------

Command Line: -Dfile.encoding=UTF-8 -Dstdout.encoding=UTF-8 -Dstderr.encoding=UTF-8 -XX:+ShowCodeDetailsInExceptionMessages Main

Host: Intel(R) Core(TM) i5-7500 CPU @ 3.40GHz, 4 cores, 7G,  Windows 11 , 64 bit Build 26100 (10.0.26100.7920)
Time: Wed Apr 15 10:47:07 2026 Hora oficial do Brasil elapsed time: 0.151001 seconds (0d 0h 0m 0s)

---------------  T H R E A D  ---------------

Current thread (0x00000202284f9780):  JavaThread "main"             [_thread_in_vm, id=7768, stack(0x000000ca8d000000,0x000000ca8d100000) (1024K)]

Stack: [0x000000ca8d000000,0x000000ca8d100000]
Native frames: (J=compiled Java code, j=interpreted, Vv=VM code, C=native code)
V  [jvm.dll+0x6d0b59]
V  [jvm.dll+0x85fd56]
V  [jvm.dll+0x86224e]
V  [jvm.dll+0x862923]
V  [jvm.dll+0x282a16]
V  [jvm.dll+0x85bade]
V  [jvm.dll+0x674a44]
V  [jvm.dll+0x674aaa]
V  [jvm.dll+0x6772db]
V  [jvm.dll+0x6771a2]
V  [jvm.dll+0x67541e]
V  [jvm.dll+0x67f678]
V  [jvm.dll+0x218c6e]
V  [jvm.dll+0x219115]
V  [jvm.dll+0x219b1b]
V  [jvm.dll+0x20ec2e]
V  [jvm.dll+0x5b291f]
V  [jvm.dll+0x22082e]
V  [jvm.dll+0x7d937d]
V  [jvm.dll+0x7da3ab]
V  [jvm.dll+0x7da974]
V  [jvm.dll+0x7da608]
V  [jvm.dll+0x27099d]
V  [jvm.dll+0x270bda]
V  [jvm.dll+0x5d5b81]
V  [jvm.dll+0x5d81a4]
V  [jvm.dll+0x3dd142]
V  [jvm.dll+0x3dcc1d]
C  0x0000020237ee76d1

The last pc belongs to getstatic (printed below).
Java frames: (J=compiled Java code, j=interpreted, Vv=VM code)
j  jdk.internal.logger.BootstrapLogger.useLazyLoggers()Z+6 java.base@21.0.10
j  jdk.internal.logger.LazyLoggers.getLazyLogger(Ljava/lang/String;Ljava/lang/Module;)Ljava/lang/System$Logger;+0 java.base@21.0.10
j  sun.util.logging.PlatformLogger.getLogger(Ljava/lang/String;)Lsun/util/logging/PlatformLogger;+41 java.base@21.0.10
j  java.awt.Component.<clinit>()V+19 java.desktop@21.0.10
v  ~StubRoutines::call_stub 0x0000020237ed100d
getstatic  178 getstatic  [0x0000020237ee7620, 0x0000020237ee7818]  504 bytes
[MachCode]
  0x0000020237ee7620: 4883 ec08 | c5fa 1104 | 24eb 1f48 | 83ec 10c5 | fb11 0424 | eb14 4883 | ec10 4889 | 0424 48c7 
  0x0000020237ee7640: 4424 0800 | 0000 00eb | 0150 410f | b755 0148 | 8b4d d0c1 | e202 8b5c | d138 c1eb | 1081 e3ff 
  0x0000020237ee7660: 0000 0081 | fbb2 0000 | 000f 84b4 | 0000 00bb | b200 0000 | e805 0000 | 00e9 9900 | 0000 488b 
  0x0000020237ee7680: d348 8d44 | 2408 4c89 | 6dc0 498b | cfc5 f877 | 4989 afb0 | 0300 0049 | 8987 a003 | 0000 4883 
  0x0000020237ee76a0: ec20 40f6 | c40f 0f84 | 1900 0000 | 4883 ec08 | 48b8 c0cb | f4b1 fb7f | 0000 ffd0 | 4883 c408 
  0x0000020237ee76c0: e90c 0000 | 0048 b8c0 | cbf4 b1fb | 7f00 00ff | d048 83c4 | 2049 c787 | a003 0000 | 0000 0000 
  0x0000020237ee76e0: 49c7 87b0 | 0300 0000 | 0000 0049 | c787 a803 | 0000 0000 | 0000 c5f8 | 7749 837f | 0800 0f84 
  0x0000020237ee7700: 0500 0000 | e9f7 97fe | ff4c 8b6d | c04c 8b75 | c84e 8d74 | f500 c341 | 0fb7 5501 | 488b 4dd0 
  0x0000020237ee7720: c1e2 0248 | 8b5c d148 | 8b44 d150 | 4c8b 4cd1 | 404d 8b49 | 704d 8b09 | c1e8 1c83 | e00f 0f85 
  0x0000020237ee7740: 0b00 0000 | 410f be04 | 1950 e9b1 | 0000 0083 | f801 0f85 | 0b00 0000 | 410f b604 | 1950 e99d 
  0x0000020237ee7760: 0000 0083 | f808 0f85 | 0a00 0000 | 418b 0419 | 50e9 8a00 | 0000 83f8 | 040f 850a | 0000 0041 
  0x0000020237ee7780: 8b04 1950 | e977 0000 | 0083 f802 | 0f85 0b00 | 0000 410f | b704 1950 | e963 0000 | 0083 f803 
  0x0000020237ee77a0: 0f85 0b00 | 0000 410f | bf04 1950 | e94f 0000 | 0083 f805 | 0f85 1a00 | 0000 498b | 0419 4883 
  0x0000020237ee77c0: ec10 4889 | 0424 48c7 | 4424 0800 | 0000 00e9 | 2c00 0000 | 83f8 060f | 8514 0000 | 00c4 c17a 
  0x0000020237ee77e0: 1004 1948 | 83ec 08c5 | fa11 0424 | e90f 0000 | 00c4 c17b | 1004 1948 | 83ec 10c5 | fb11 0424 
  0x0000020237ee7800: 410f b65d | 0349 83c5 | 0349 ba60 | e47c b2fb | 7f00 0041 | ff24 da90 
[/MachCode]

---------------  P R O C E S S  ---------------

Threads class SMR info:
_java_thread_list=0x000002024487ee00, length=11, elements={
0x00000202284f9780, 0x00000202446afa20, 0x00000202446f0760, 0x00000202446d58f0,
0x00000202446d6350, 0x00000202446d8ee0, 0x00000202446d9940, 0x00000202446dc240,
0x0000020244713a10, 0x00000202448a0ed0, 0x00000202448a2b50
}

Java Threads: ( => current thread )
=>0x00000202284f9780 JavaThread "main"                              [_thread_in_vm, id=7768, stack(0x000000ca8d000000,0x000000ca8d100000) (1024K)]
  0x00000202446afa20 JavaThread "Reference Handler"          daemon [_thread_blocked, id=14216, stack(0x000000ca8d800000,0x000000ca8d900000) (1024K)]
  0x00000202446f0760 JavaThread "Finalizer"                  daemon [_thread_blocked, id=6808, stack(0x000000ca8d900000,0x000000ca8da00000) (1024K)]
  0x00000202446d58f0 JavaThread "Signal Dispatcher"          daemon [_thread_blocked, id=9628, stack(0x000000ca8da00000,0x000000ca8db00000) (1024K)]
  0x00000202446d6350 JavaThread "Attach Listener"            daemon [_thread_blocked, id=10736, stack(0x000000ca8db00000,0x000000ca8dc00000) (1024K)]
  0x00000202446d8ee0 JavaThread "Service Thread"             daemon [_thread_blocked, id=592, stack(0x000000ca8dc00000,0x000000ca8dd00000) (1024K)]
  0x00000202446d9940 JavaThread "Monitor Deflation Thread"   daemon [_thread_blocked, id=9396, stack(0x000000ca8dd00000,0x000000ca8de00000) (1024K)]
  0x00000202446dc240 JavaThread "C2 CompilerThread0"         daemon [_thread_blocked, id=6632, stack(0x000000ca8de00000,0x000000ca8df00000) (1024K)]
  0x0000020244713a10 JavaThread "C1 CompilerThread0"         daemon [_thread_blocked, id=12492, stack(0x000000ca8df00000,0x000000ca8e000000) (1024K)]
  0x00000202448a0ed0 JavaThread "Notification Thread"        daemon [_thread_blocked, id=3752, stack(0x000000ca8e000000,0x000000ca8e100000) (1024K)]
  0x00000202448a2b50 JavaThread "Common-Cleaner"             daemon [_thread_blocked, id=12372, stack(0x000000ca8e100000,0x000000ca8e200000) (1024K)]
Total: 11

Other Threads:
  0x0000020244639ed0 VMThread "VM Thread"                           [id=14140, stack(0x000000ca8d700000,0x000000ca8d800000) (1024K)]
  0x00000202445e9220 WatcherThread "VM Periodic Task Thread"        [id=12280, stack(0x000000ca8d600000,0x000000ca8d700000) (1024K)]
  0x00000202285498f0 WorkerThread "GC Thread#0"                     [id=1920, stack(0x000000ca8d100000,0x000000ca8d200000) (1024K)]
  0x000002022855a5b0 ConcurrentGCThread "G1 Main Marker"            [id=12308, stack(0x000000ca8d200000,0x000000ca8d300000) (1024K)]
  0x000002022855ce00 WorkerThread "G1 Conc#0"                       [id=12680, stack(0x000000ca8d300000,0x000000ca8d400000) (1024K)]
  0x00000202444a80f0 ConcurrentGCThread "G1 Refine#0"               [id=2608, stack(0x000000ca8d400000,0x000000ca8d500000) (1024K)]
  0x00000202444a9a30 ConcurrentGCThread "G1 Service"                [id=14148, stack(0x000000ca8d500000,0x000000ca8d600000) (1024K)]
Total: 7

Threads with active compile tasks:
Total: 0

VM state: not at safepoint (normal execution)

VM Mutex/Monitor currently owned by a thread:  ([mutex/lock_event])
[0x00007ffbb27b7f10] Metaspace_lock - owner thread: 0x00000202284f9780

Heap address: 0x0000000081600000, size: 2026 MB, Compressed Oops mode: 32-bit

CDS archive(s) not mapped
Compressed class space mapped at: 0x0000000100000000-0x0000000140000000, reserved size: 1073741824
Narrow klass base: 0x0000000000000000, Narrow klass shift: 3, Narrow klass range: 0x140000000

GC Precious Log:
 CardTable entry size: 512
 Card Set container configuration: InlinePtr #cards 5 size 8 Array Of Cards #cards 12 size 40 Howl #buckets 4 coarsen threshold 1843 Howl Bitmap #cards 512 size 80 coarsen threshold 460 Card regions per heap region 1 cards per card region 2048
 CPUs: 4 total, 4 available
 Memory: 8098M
 Large Page Support: Disabled
 NUMA Support: Disabled
 Compressed Oops: Enabled (32-bit)
 Heap Region Size: 1M
 Heap Min Capacity: 8M
 Heap Initial Capacity: 128M
 Heap Max Capacity: 2026M
 Pre-touch: Disabled
 Parallel Workers: 4
 Concurrent Workers: 1
 Concurrent Refinement Workers: 4
 Periodic GC: Disabled

Heap:
 garbage-first heap   total 131072K, used 1024K [0x0000000081600000, 0x0000000100000000)
  region size 1024K, 2 young (2048K), 0 survivors (0K)
 Metaspace       used 5020K, committed 5184K, reserved 1114112K
  class space    used 408K, committed 512K, reserved 1048576K

Heap Regions: E=young(eden), S=young(survivor), O=old, HS=humongous(starts), HC=humongous(continues), CS=collection set, F=free, TAMS=top-at-mark-start, PB=parsable bottom
|   0|0x0000000081600000, 0x0000000081600000, 0x0000000081700000|  0%| F|  |TAMS 0x0000000081600000| PB 0x0000000081600000| Untracked 
|   1|0x0000000081700000, 0x0000000081700000, 0x0000000081800000|  0%| F|  |TAMS 0x0000000081700000| PB 0x0000000081700000| Untracked 
|   2|0x0000000081800000, 0x0000000081800000, 0x0000000081900000|  0%| F|  |TAMS 0x0000000081800000| PB 0x0000000081800000| Untracked 
|   3|0x0000000081900000, 0x0000000081900000, 0x0000000081a00000|  0%| F|  |TAMS 0x0000000081900000| PB 0x0000000081900000| Untracked 
|   4|0x0000000081a00000, 0x0000000081a00000, 0x0000000081b00000|  0%| F|  |TAMS 0x0000000081a00000| PB 0x0000000081a00000| Untracked 
|   5|0x0000000081b00000, 0x0000000081b00000, 0x0000000081c00000|  0%| F|  |TAMS 0x0000000081b00000| PB 0x0000000081b00000| Untracked 
|   6|0x0000000081c00000, 0x0000000081c00000, 0x0000000081d00000|  0%| F|  |TAMS 0x0000000081c00000| PB 0x0000000081c00000| Untracked 
|   7|0x0000000081d00000, 0x0000000081d00000, 0x0000000081e00000|  0%| F|  |TAMS 0x0000000081d00000| PB 0x0000000081d00000| Untracked 
|   8|0x0000000081e00000, 0x0000000081e00000, 0x0000000081f00000|  0%| F|  |TAMS 0x0000000081e00000| PB 0x0000000081e00000| Untracked 
|   9|0x0000000081f00000, 0x0000000081f00000, 0x0000000082000000|  0%| F|  |TAMS 0x0000000081f00000| PB 0x0000000081f00000| Untracked 
|  10|0x0000000082000000, 0x0000000082000000, 0x0000000082100000|  0%| F|  |TAMS 0x0000000082000000| PB 0x0000000082000000| Untracked 
|  11|0x0000000082100000, 0x0000000082100000, 0x0000000082200000|  0%| F|  |TAMS 0x0000000082100000| PB 0x0000000082100000| Untracked 
|  12|0x0000000082200000, 0x0000000082200000, 0x0000000082300000|  0%| F|  |TAMS 0x0000000082200000| PB 0x0000000082200000| Untracked 
|  13|0x0000000082300000, 0x0000000082300000, 0x0000000082400000|  0%| F|  |TAMS 0x0000000082300000| PB 0x0000000082300000| Untracked 
|  14|0x0000000082400000, 0x0000000082400000, 0x0000000082500000|  0%| F|  |TAMS 0x0000000082400000| PB 0x0000000082400000| Untracked 
|  15|0x0000000082500000, 0x0000000082500000, 0x0000000082600000|  0%| F|  |TAMS 0x0000000082500000| PB 0x0000000082500000| Untracked 
|  16|0x0000000082600000, 0x0000000082600000, 0x0000000082700000|  0%| F|  |TAMS 0x0000000082600000| PB 0x0000000082600000| Untracked 
|  17|0x0000000082700000, 0x0000000082700000, 0x0000000082800000|  0%| F|  |TAMS 0x0000000082700000| PB 0x0000000082700000| Untracked 
|  18|0x0000000082800000, 0x0000000082800000, 0x0000000082900000|  0%| F|  |TAMS 0x0000000082800000| PB 0x0000000082800000| Untracked 
|  19|0x0000000082900000, 0x0000000082900000, 0x0000000082a00000|  0%| F|  |TAMS 0x0000000082900000| PB 0x0000000082900000| Untracked 
|  20|0x0000000082a00000, 0x0000000082a00000, 0x0000000082b00000|  0%| F|  |TAMS 0x0000000082a00000| PB 0x0000000082a00000| Untracked 
|  21|0x0000000082b00000, 0x0000000082b00000, 0x0000000082c00000|  0%| F|  |TAMS 0x0000000082b00000| PB 0x0000000082b00000| Untracked 
|  22|0x0000000082c00000, 0x0000000082c00000, 0x0000000082d00000|  0%| F|  |TAMS 0x0000000082c00000| PB 0x0000000082c00000| Untracked 
|  23|0x0000000082d00000, 0x0000000082d00000, 0x0000000082e00000|  0%| F|  |TAMS 0x0000000082d00000| PB 0x0000000082d00000| Untracked 
|  24|0x0000000082e00000, 0x0000000082e00000, 0x0000000082f00000|  0%| F|  |TAMS 0x0000000082e00000| PB 0x0000000082e00000| Untracked 
|  25|0x0000000082f00000, 0x0000000082f00000, 0x0000000083000000|  0%| F|  |TAMS 0x0000000082f00000| PB 0x0000000082f00000| Untracked 
|  26|0x0000000083000000, 0x0000000083000000, 0x0000000083100000|  0%| F|  |TAMS 0x0000000083000000| PB 0x0000000083000000| Untracked 
|  27|0x0000000083100000, 0x0000000083100000, 0x0000000083200000|  0%| F|  |TAMS 0x0000000083100000| PB 0x0000000083100000| Untracked 
|  28|0x0000000083200000, 0x0000000083200000, 0x0000000083300000|  0%| F|  |TAMS 0x0000000083200000| PB 0x0000000083200000| Untracked 
|  29|0x0000000083300000, 0x0000000083300000, 0x0000000083400000|  0%| F|  |TAMS 0x0000000083300000| PB 0x0000000083300000| Untracked 
|  30|0x0000000083400000, 0x0000000083400000, 0x0000000083500000|  0%| F|  |TAMS 0x0000000083400000| PB 0x0000000083400000| Untracked 
|  31|0x0000000083500000, 0x0000000083500000, 0x0000000083600000|  0%| F|  |TAMS 0x0000000083500000| PB 0x0000000083500000| Untracked 
|  32|0x0000000083600000, 0x0000000083600000, 0x0000000083700000|  0%| F|  |TAMS 0x0000000083600000| PB 0x0000000083600000| Untracked 
|  33|0x0000000083700000, 0x0000000083700000, 0x0000000083800000|  0%| F|  |TAMS 0x0000000083700000| PB 0x0000000083700000| Untracked 
|  34|0x0000000083800000, 0x0000000083800000, 0x0000000083900000|  0%| F|  |TAMS 0x0000000083800000| PB 0x0000000083800000| Untracked 
|  35|0x0000000083900000, 0x0000000083900000, 0x0000000083a00000|  0%| F|  |TAMS 0x0000000083900000| PB 0x0000000083900000| Untracked 
|  36|0x0000000083a00000, 0x0000000083a00000, 0x0000000083b00000|  0%| F|  |TAMS 0x0000000083a00000| PB 0x0000000083a00000| Untracked 
|  37|0x0000000083b00000, 0x0000000083b00000, 0x0000000083c00000|  0%| F|  |TAMS 0x0000000083b00000| PB 0x0000000083b00000| Untracked 
|  38|0x0000000083c00000, 0x0000000083c00000, 0x0000000083d00000|  0%| F|  |TAMS 0x0000000083c00000| PB 0x0000000083c00000| Untracked 
|  39|0x0000000083d00000, 0x0000000083d00000, 0x0000000083e00000|  0%| F|  |TAMS 0x0000000083d00000| PB 0x0000000083d00000| Untracked 
|  40|0x0000000083e00000, 0x0000000083e00000, 0x0000000083f00000|  0%| F|  |TAMS 0x0000000083e00000| PB 0x0000000083e00000| Untracked 
|  41|0x0000000083f00000, 0x0000000083f00000, 0x0000000084000000|  0%| F|  |TAMS 0x0000000083f00000| PB 0x0000000083f00000| Untracked 
|  42|0x0000000084000000, 0x0000000084000000, 0x0000000084100000|  0%| F|  |TAMS 0x0000000084000000| PB 0x0000000084000000| Untracked 
|  43|0x0000000084100000, 0x0000000084100000, 0x0000000084200000|  0%| F|  |TAMS 0x0000000084100000| PB 0x0000000084100000| Untracked 
|  44|0x0000000084200000, 0x0000000084200000, 0x0000000084300000|  0%| F|  |TAMS 0x0000000084200000| PB 0x0000000084200000| Untracked 
|  45|0x0000000084300000, 0x0000000084300000, 0x0000000084400000|  0%| F|  |TAMS 0x0000000084300000| PB 0x0000000084300000| Untracked 
|  46|0x0000000084400000, 0x0000000084400000, 0x0000000084500000|  0%| F|  |TAMS 0x0000000084400000| PB 0x0000000084400000| Untracked 
|  47|0x0000000084500000, 0x0000000084500000, 0x0000000084600000|  0%| F|  |TAMS 0x0000000084500000| PB 0x0000000084500000| Untracked 
|  48|0x0000000084600000, 0x0000000084600000, 0x0000000084700000|  0%| F|  |TAMS 0x0000000084600000| PB 0x0000000084600000| Untracked 
|  49|0x0000000084700000, 0x0000000084700000, 0x0000000084800000|  0%| F|  |TAMS 0x0000000084700000| PB 0x0000000084700000| Untracked 
|  50|0x0000000084800000, 0x0000000084800000, 0x0000000084900000|  0%| F|  |TAMS 0x0000000084800000| PB 0x0000000084800000| Untracked 
|  51|0x0000000084900000, 0x0000000084900000, 0x0000000084a00000|  0%| F|  |TAMS 0x0000000084900000| PB 0x0000000084900000| Untracked 
|  52|0x0000000084a00000, 0x0000000084a00000, 0x0000000084b00000|  0%| F|  |TAMS 0x0000000084a00000| PB 0x0000000084a00000| Untracked 
|  53|0x0000000084b00000, 0x0000000084b00000, 0x0000000084c00000|  0%| F|  |TAMS 0x0000000084b00000| PB 0x0000000084b00000| Untracked 
|  54|0x0000000084c00000, 0x0000000084c00000, 0x0000000084d00000|  0%| F|  |TAMS 0x0000000084c00000| PB 0x0000000084c00000| Untracked 
|  55|0x0000000084d00000, 0x0000000084d00000, 0x0000000084e00000|  0%| F|  |TAMS 0x0000000084d00000| PB 0x0000000084d00000| Untracked 
|  56|0x0000000084e00000, 0x0000000084e00000, 0x0000000084f00000|  0%| F|  |TAMS 0x0000000084e00000| PB 0x0000000084e00000| Untracked 
|  57|0x0000000084f00000, 0x0000000084f00000, 0x0000000085000000|  0%| F|  |TAMS 0x0000000084f00000| PB 0x0000000084f00000| Untracked 
|  58|0x0000000085000000, 0x0000000085000000, 0x0000000085100000|  0%| F|  |TAMS 0x0000000085000000| PB 0x0000000085000000| Untracked 
|  59|0x0000000085100000, 0x0000000085100000, 0x0000000085200000|  0%| F|  |TAMS 0x0000000085100000| PB 0x0000000085100000| Untracked 
|  60|0x0000000085200000, 0x0000000085200000, 0x0000000085300000|  0%| F|  |TAMS 0x0000000085200000| PB 0x0000000085200000| Untracked 
|  61|0x0000000085300000, 0x0000000085300000, 0x0000000085400000|  0%| F|  |TAMS 0x0000000085300000| PB 0x0000000085300000| Untracked 
|  62|0x0000000085400000, 0x0000000085400000, 0x0000000085500000|  0%| F|  |TAMS 0x0000000085400000| PB 0x0000000085400000| Untracked 
|  63|0x0000000085500000, 0x0000000085500000, 0x0000000085600000|  0%| F|  |TAMS 0x0000000085500000| PB 0x0000000085500000| Untracked 
|  64|0x0000000085600000, 0x0000000085600000, 0x0000000085700000|  0%| F|  |TAMS 0x0000000085600000| PB 0x0000000085600000| Untracked 
|  65|0x0000000085700000, 0x0000000085700000, 0x0000000085800000|  0%| F|  |TAMS 0x0000000085700000| PB 0x0000000085700000| Untracked 
|  66|0x0000000085800000, 0x0000000085800000, 0x0000000085900000|  0%| F|  |TAMS 0x0000000085800000| PB 0x0000000085800000| Untracked 
|  67|0x0000000085900000, 0x0000000085900000, 0x0000000085a00000|  0%| F|  |TAMS 0x0000000085900000| PB 0x0000000085900000| Untracked 
|  68|0x0000000085a00000, 0x0000000085a00000, 0x0000000085b00000|  0%| F|  |TAMS 0x0000000085a00000| PB 0x0000000085a00000| Untracked 
|  69|0x0000000085b00000, 0x0000000085b00000, 0x0000000085c00000|  0%| F|  |TAMS 0x0000000085b00000| PB 0x0000000085b00000| Untracked 
|  70|0x0000000085c00000, 0x0000000085c00000, 0x0000000085d00000|  0%| F|  |TAMS 0x0000000085c00000| PB 0x0000000085c00000| Untracked 
|  71|0x0000000085d00000, 0x0000000085d00000, 0x0000000085e00000|  0%| F|  |TAMS 0x0000000085d00000| PB 0x0000000085d00000| Untracked 
|  72|0x0000000085e00000, 0x0000000085e00000, 0x0000000085f00000|  0%| F|  |TAMS 0x0000000085e00000| PB 0x0000000085e00000| Untracked 
|  73|0x0000000085f00000, 0x0000000085f00000, 0x0000000086000000|  0%| F|  |TAMS 0x0000000085f00000| PB 0x0000000085f00000| Untracked 
|  74|0x0000000086000000, 0x0000000086000000, 0x0000000086100000|  0%| F|  |TAMS 0x0000000086000000| PB 0x0000000086000000| Untracked 
|  75|0x0000000086100000, 0x0000000086100000, 0x0000000086200000|  0%| F|  |TAMS 0x0000000086100000| PB 0x0000000086100000| Untracked 
|  76|0x0000000086200000, 0x0000000086200000, 0x0000000086300000|  0%| F|  |TAMS 0x0000000086200000| PB 0x0000000086200000| Untracked 
|  77|0x0000000086300000, 0x0000000086300000, 0x0000000086400000|  0%| F|  |TAMS 0x0000000086300000| PB 0x0000000086300000| Untracked 
|  78|0x0000000086400000, 0x0000000086400000, 0x0000000086500000|  0%| F|  |TAMS 0x0000000086400000| PB 0x0000000086400000| Untracked 
|  79|0x0000000086500000, 0x0000000086500000, 0x0000000086600000|  0%| F|  |TAMS 0x0000000086500000| PB 0x0000000086500000| Untracked 
|  80|0x0000000086600000, 0x0000000086600000, 0x0000000086700000|  0%| F|  |TAMS 0x0000000086600000| PB 0x0000000086600000| Untracked 
|  81|0x0000000086700000, 0x0000000086700000, 0x0000000086800000|  0%| F|  |TAMS 0x0000000086700000| PB 0x0000000086700000| Untracked 
|  82|0x0000000086800000, 0x0000000086800000, 0x0000000086900000|  0%| F|  |TAMS 0x0000000086800000| PB 0x0000000086800000| Untracked 
|  83|0x0000000086900000, 0x0000000086900000, 0x0000000086a00000|  0%| F|  |TAMS 0x0000000086900000| PB 0x0000000086900000| Untracked 
|  84|0x0000000086a00000, 0x0000000086a00000, 0x0000000086b00000|  0%| F|  |TAMS 0x0000000086a00000| PB 0x0000000086a00000| Untracked 
|  85|0x0000000086b00000, 0x0000000086b00000, 0x0000000086c00000|  0%| F|  |TAMS 0x0000000086b00000| PB 0x0000000086b00000| Untracked 
|  86|0x0000000086c00000, 0x0000000086c00000, 0x0000000086d00000|  0%| F|  |TAMS 0x0000000086c00000| PB 0x0000000086c00000| Untracked 
|  87|0x0000000086d00000, 0x0000000086d00000, 0x0000000086e00000|  0%| F|  |TAMS 0x0000000086d00000| PB 0x0000000086d00000| Untracked 
|  88|0x0000000086e00000, 0x0000000086e00000, 0x0000000086f00000|  0%| F|  |TAMS 0x0000000086e00000| PB 0x0000000086e00000| Untracked 
|  89|0x0000000086f00000, 0x0000000086f00000, 0x0000000087000000|  0%| F|  |TAMS 0x0000000086f00000| PB 0x0000000086f00000| Untracked 
|  90|0x0000000087000000, 0x0000000087000000, 0x0000000087100000|  0%| F|  |TAMS 0x0000000087000000| PB 0x0000000087000000| Untracked 
|  91|0x0000000087100000, 0x0000000087100000, 0x0000000087200000|  0%| F|  |TAMS 0x0000000087100000| PB 0x0000000087100000| Untracked 
|  92|0x0000000087200000, 0x0000000087200000, 0x0000000087300000|  0%| F|  |TAMS 0x0000000087200000| PB 0x0000000087200000| Untracked 
|  93|0x0000000087300000, 0x0000000087300000, 0x0000000087400000|  0%| F|  |TAMS 0x0000000087300000| PB 0x0000000087300000| Untracked 
|  94|0x0000000087400000, 0x0000000087400000, 0x0000000087500000|  0%| F|  |TAMS 0x0000000087400000| PB 0x0000000087400000| Untracked 
|  95|0x0000000087500000, 0x0000000087500000, 0x0000000087600000|  0%| F|  |TAMS 0x0000000087500000| PB 0x0000000087500000| Untracked 
|  96|0x0000000087600000, 0x0000000087600000, 0x0000000087700000|  0%| F|  |TAMS 0x0000000087600000| PB 0x0000000087600000| Untracked 
|  97|0x0000000087700000, 0x0000000087700000, 0x0000000087800000|  0%| F|  |TAMS 0x0000000087700000| PB 0x0000000087700000| Untracked 
|  98|0x0000000087800000, 0x0000000087800000, 0x0000000087900000|  0%| F|  |TAMS 0x0000000087800000| PB 0x0000000087800000| Untracked 
|  99|0x0000000087900000, 0x0000000087900000, 0x0000000087a00000|  0%| F|  |TAMS 0x0000000087900000| PB 0x0000000087900000| Untracked 
| 100|0x0000000087a00000, 0x0000000087a00000, 0x0000000087b00000|  0%| F|  |TAMS 0x0000000087a00000| PB 0x0000000087a00000| Untracked 
| 101|0x0000000087b00000, 0x0000000087b00000, 0x0000000087c00000|  0%| F|  |TAMS 0x0000000087b00000| PB 0x0000000087b00000| Untracked 
| 102|0x0000000087c00000, 0x0000000087c00000, 0x0000000087d00000|  0%| F|  |TAMS 0x0000000087c00000| PB 0x0000000087c00000| Untracked 
| 103|0x0000000087d00000, 0x0000000087d00000, 0x0000000087e00000|  0%| F|  |TAMS 0x0000000087d00000| PB 0x0000000087d00000| Untracked 
| 104|0x0000000087e00000, 0x0000000087e00000, 0x0000000087f00000|  0%| F|  |TAMS 0x0000000087e00000| PB 0x0000000087e00000| Untracked 
| 105|0x0000000087f00000, 0x0000000087f00000, 0x0000000088000000|  0%| F|  |TAMS 0x0000000087f00000| PB 0x0000000087f00000| Untracked 
| 106|0x0000000088000000, 0x0000000088000000, 0x0000000088100000|  0%| F|  |TAMS 0x0000000088000000| PB 0x0000000088000000| Untracked 
| 107|0x0000000088100000, 0x0000000088100000, 0x0000000088200000|  0%| F|  |TAMS 0x0000000088100000| PB 0x0000000088100000| Untracked 
| 108|0x0000000088200000, 0x0000000088200000, 0x0000000088300000|  0%| F|  |TAMS 0x0000000088200000| PB 0x0000000088200000| Untracked 
| 109|0x0000000088300000, 0x0000000088300000, 0x0000000088400000|  0%| F|  |TAMS 0x0000000088300000| PB 0x0000000088300000| Untracked 
| 110|0x0000000088400000, 0x0000000088400000, 0x0000000088500000|  0%| F|  |TAMS 0x0000000088400000| PB 0x0000000088400000| Untracked 
| 111|0x0000000088500000, 0x0000000088500000, 0x0000000088600000|  0%| F|  |TAMS 0x0000000088500000| PB 0x0000000088500000| Untracked 
| 112|0x0000000088600000, 0x0000000088600000, 0x0000000088700000|  0%| F|  |TAMS 0x0000000088600000| PB 0x0000000088600000| Untracked 
| 113|0x0000000088700000, 0x0000000088700000, 0x0000000088800000|  0%| F|  |TAMS 0x0000000088700000| PB 0x0000000088700000| Untracked 
| 114|0x0000000088800000, 0x0000000088800000, 0x0000000088900000|  0%| F|  |TAMS 0x0000000088800000| PB 0x0000000088800000| Untracked 
| 115|0x0000000088900000, 0x0000000088900000, 0x0000000088a00000|  0%| F|  |TAMS 0x0000000088900000| PB 0x0000000088900000| Untracked 
| 116|0x0000000088a00000, 0x0000000088a00000, 0x0000000088b00000|  0%| F|  |TAMS 0x0000000088a00000| PB 0x0000000088a00000| Untracked 
| 117|0x0000000088b00000, 0x0000000088b00000, 0x0000000088c00000|  0%| F|  |TAMS 0x0000000088b00000| PB 0x0000000088b00000| Untracked 
| 118|0x0000000088c00000, 0x0000000088c00000, 0x0000000088d00000|  0%| F|  |TAMS 0x0000000088c00000| PB 0x0000000088c00000| Untracked 
| 119|0x0000000088d00000, 0x0000000088d00000, 0x0000000088e00000|  0%| F|  |TAMS 0x0000000088d00000| PB 0x0000000088d00000| Untracked 
| 120|0x0000000088e00000, 0x0000000088e00000, 0x0000000088f00000|  0%| F|  |TAMS 0x0000000088e00000| PB 0x0000000088e00000| Untracked 
| 121|0x0000000088f00000, 0x0000000088f00000, 0x0000000089000000|  0%| F|  |TAMS 0x0000000088f00000| PB 0x0000000088f00000| Untracked 
| 122|0x0000000089000000, 0x0000000089000000, 0x0000000089100000|  0%| F|  |TAMS 0x0000000089000000| PB 0x0000000089000000| Untracked 
| 123|0x0000000089100000, 0x0000000089100000, 0x0000000089200000|  0%| F|  |TAMS 0x0000000089100000| PB 0x0000000089100000| Untracked 
| 124|0x0000000089200000, 0x0000000089200000, 0x0000000089300000|  0%| F|  |TAMS 0x0000000089200000| PB 0x0000000089200000| Untracked 
| 125|0x0000000089300000, 0x0000000089300000, 0x0000000089400000|  0%| F|  |TAMS 0x0000000089300000| PB 0x0000000089300000| Untracked 
| 126|0x0000000089400000, 0x00000000894c7de8, 0x0000000089500000| 78%| E|  |TAMS 0x0000000089400000| PB 0x0000000089400000| Complete 
| 127|0x0000000089500000, 0x0000000089600000, 0x0000000089600000|100%| E|CS|TAMS 0x0000000089500000| PB 0x0000000089500000| Complete 

Card table byte_map: [0x000002023fda0000,0x00000202401a0000] _byte_map_base: 0x000002023f995000

Marking Bits: (CMBitMap*) 0x0000020228549f10
 Bits: [0x00000202401a0000, 0x0000020242148000)

Polling page: 0x0000020226440000

Metaspace:

Usage:
  Non-class:      4.50 MB used.
      Class:    408.68 KB used.
       Both:      4.90 MB used.

Virtual space:
  Non-class space:       64.00 MB reserved,       4.56 MB (  7%) committed,  1 nodes.
      Class space:        1.00 GB reserved,     512.00 KB ( <1%) committed,  1 nodes.
             Both:        1.06 GB reserved,       5.06 MB ( <1%) committed. 

Chunk freelists:
   Non-Class:  11.00 MB
       Class:  15.55 MB
        Both:  26.55 MB

MaxMetaspaceSize: unlimited
CompressedClassSpaceSize: 1.00 GB
Initial GC threshold: 21.00 MB
Current GC threshold: 21.00 MB
CDS: off
 - commit_granule_bytes: 65536.
 - commit_granule_words: 8192.
 - virtual_space_node_default_size: 8388608.
 - enlarge_chunks_in_place: 1.
 - use_allocation_guard: 0.


Internal statistics:

num_allocs_failed_limit: 0.
num_arena_births: 4.
num_arena_deaths: 0.
num_vsnodes_births: 2.
num_vsnodes_deaths: 0.
num_space_committed: 81.
num_space_uncommitted: 0.
num_chunks_returned_to_freelist: 0.
num_chunks_taken_from_freelist: 8.
num_chunk_merges: 0.
num_chunk_splits: 3.
num_chunks_enlarged: 0.
num_inconsistent_stats: 0.

CodeHeap 'non-profiled nmethods': size=120000Kb used=18Kb max_used=18Kb free=119981Kb
 bounds [0x0000020238470000, 0x00000202386e0000, 0x000002023f9a0000]
CodeHeap 'profiled nmethods': size=120000Kb used=90Kb max_used=90Kb free=119909Kb
 bounds [0x00000202309a0000, 0x0000020230c10000, 0x0000020237ed0000]
CodeHeap 'non-nmethods': size=5760Kb used=1181Kb max_used=1181Kb free=4578Kb
 bounds [0x0000020237ed0000, 0x0000020238140000, 0x0000020238470000]
 total_blobs=387 nmethods=73 adapters=219
 compilation: enabled
              stopped_count=0, restarted_count=0
 full_count=0

Compilation events (20 events):
Event: 0.132 Thread 0x0000020244713a10   44       3       java.util.ImmutableCollections$SetN$SetNIterator::<init> (36 bytes)
Event: 0.132 Thread 0x0000020244713a10 nmethod 44 0x00000202309b5390 code [0x00000202309b5540, 0x00000202309b5740]
Event: 0.132 Thread 0x0000020244713a10   52       1       java.lang.module.ResolvedModule::reference (5 bytes)
Event: 0.132 Thread 0x0000020244713a10 nmethod 52 0x0000020238473990 code [0x0000020238473b20, 0x0000020238473be8]
Event: 0.133 Thread 0x0000020244713a10   59       1       java.lang.module.ModuleDescriptor::isAutomatic (5 bytes)
Event: 0.133 Thread 0x0000020244713a10 nmethod 59 0x0000020238473c90 code [0x0000020238473e20, 0x0000020238473ef0]
Event: 0.133 Thread 0x0000020244713a10   62       1       java.lang.module.ResolvedModule::configuration (5 bytes)
Event: 0.133 Thread 0x0000020244713a10 nmethod 62 0x0000020238473f90 code [0x0000020238474120, 0x00000202384741e8]
Event: 0.133 Thread 0x0000020244713a10   68       1       java.lang.module.ModuleDescriptor$Exports::targets (5 bytes)
Event: 0.133 Thread 0x0000020244713a10 nmethod 68 0x0000020238474290 code [0x0000020238474420, 0x00000202384744e8]
Event: 0.133 Thread 0x0000020244713a10   69       1       java.util.ImmutableCollections$Set12::isEmpty (2 bytes)
Event: 0.133 Thread 0x0000020244713a10 nmethod 69 0x0000020238474590 code [0x0000020238474720, 0x00000202384747e8]
Event: 0.134 Thread 0x0000020244713a10   70       3       java.lang.Math::min (11 bytes)
Event: 0.134 Thread 0x0000020244713a10 nmethod 70 0x00000202309b5810 code [0x00000202309b59a0, 0x00000202309b5ae0]
Event: 0.135 Thread 0x0000020244713a10   71       3       java.lang.StringUTF16::getChar (60 bytes)
Event: 0.135 Thread 0x0000020244713a10 nmethod 71 0x00000202309b5b90 code [0x00000202309b5d40, 0x00000202309b5eb0]
Event: 0.136 Thread 0x0000020244713a10   72       3       java.lang.AbstractStringBuilder::ensureCapacityInternal (39 bytes)
Event: 0.136 Thread 0x0000020244713a10 nmethod 72 0x00000202309b5f90 code [0x00000202309b6160, 0x00000202309b6390]
Event: 0.136 Thread 0x0000020244713a10   73       3       java.lang.String::isEmpty (14 bytes)
Event: 0.137 Thread 0x0000020244713a10 nmethod 73 0x00000202309b6490 code [0x00000202309b6640, 0x00000202309b67b0]

GC Heap History (0 events):
No events

Dll operation events (2 events):
Event: 0.010 Loaded shared library C:\jdk-21.0.10\bin\java.dll
Event: 0.100 Loaded shared library C:\jdk-21.0.10\bin\jsvml.dll

Deoptimization events (0 events):
No events

Classes loaded (20 events):
Event: 0.148 Loading class sun/util/logging/PlatformLogger done
Event: 0.148 Loading class sun/util/logging/PlatformLogger$Level
Event: 0.148 Loading class sun/util/logging/PlatformLogger$Level done
Event: 0.148 Loading class java/lang/System$Logger$Level
Event: 0.148 Loading class java/lang/System$Logger$Level done
Event: 0.148 Loading class jdk/internal/logger/LazyLoggers
Event: 0.148 Loading class jdk/internal/logger/LazyLoggers done
Event: 0.148 Loading class jdk/internal/logger/LazyLoggers$1
Event: 0.148 Loading class jdk/internal/logger/LazyLoggers$1 done
Event: 0.148 Loading class jdk/internal/logger/LazyLoggers$LazyLoggerFactories
Event: 0.148 Loading class jdk/internal/logger/LazyLoggers$LazyLoggerFactories done
Event: 0.148 Loading class jdk/internal/logger/BootstrapLogger
Event: 0.148 Loading class java/lang/System$Logger
Event: 0.149 Loading class java/lang/System$Logger done
Event: 0.149 Loading class sun/util/logging/PlatformLogger$Bridge
Event: 0.149 Loading class sun/util/logging/PlatformLogger$Bridge done
Event: 0.149 Loading class sun/util/logging/PlatformLogger$ConfigurableBridge
Event: 0.149 Loading class sun/util/logging/PlatformLogger$ConfigurableBridge done
Event: 0.149 Loading class jdk/internal/logger/BootstrapLogger done
Event: 0.149 Loading class jdk/internal/logger/BootstrapLogger$DetectBackend

Classes unloaded (0 events):
No events

Classes redefined (0 events):
No events

Internal exceptions (0 events):
No events

ZGC Phase Switch (0 events):
No events

VM Operations (0 events):
No events

Events (11 events):
Event: 0.053 Thread 0x00000202284f9780 Thread added: 0x00000202284f9780
Event: 0.095 Thread 0x00000202446afa20 Thread added: 0x00000202446afa20
Event: 0.095 Thread 0x00000202446f0760 Thread added: 0x00000202446f0760
Event: 0.096 Thread 0x00000202446d58f0 Thread added: 0x00000202446d58f0
Event: 0.096 Thread 0x00000202446d6350 Thread added: 0x00000202446d6350
Event: 0.096 Thread 0x00000202446d8ee0 Thread added: 0x00000202446d8ee0
Event: 0.096 Thread 0x00000202446d9940 Thread added: 0x00000202446d9940
Event: 0.096 Thread 0x00000202446dc240 Thread added: 0x00000202446dc240
Event: 0.097 Thread 0x0000020244713a10 Thread added: 0x0000020244713a10
Event: 0.133 Thread 0x00000202448a0ed0 Thread added: 0x00000202448a0ed0
Event: 0.138 Thread 0x00000202448a2b50 Thread added: 0x00000202448a2b50


Dynamic libraries:
0x00007ff7ec840000 - 0x00007ff7ec850000 	C:\jdk-21.0.10\bin\javaw.exe
0x00007ffc1d9a0000 - 0x00007ffc1dc07000 	C:\WINDOWS\SYSTEM32\ntdll.dll
0x00007ffc1d230000 - 0x00007ffc1d2f9000 	C:\WINDOWS\System32\KERNEL32.DLL
0x00007ffc1a400000 - 0x00007ffc1a7f1000 	C:\WINDOWS\System32\KERNELBASE.dll
0x00007ffc1aaa0000 - 0x00007ffc1abeb000 	C:\WINDOWS\System32\ucrtbase.dll
0x00007ffc15a90000 - 0x00007ffc15aa9000 	C:\jdk-21.0.10\bin\jli.dll
0x00007ffc153f0000 - 0x00007ffc1540e000 	C:\jdk-21.0.10\bin\VCRUNTIME140.dll
0x00007ffc1c040000 - 0x00007ffc1c0fb000 	C:\WINDOWS\System32\ADVAPI32.dll
0x00007ffc1bf50000 - 0x00007ffc1bff9000 	C:\WINDOWS\System32\msvcrt.dll
0x00007ffc1d300000 - 0x00007ffc1d3a7000 	C:\WINDOWS\System32\sechost.dll
0x00007ffc1d660000 - 0x00007ffc1d778000 	C:\WINDOWS\System32\RPCRT4.dll
0x00007ffc1d430000 - 0x00007ffc1d5f5000 	C:\WINDOWS\System32\USER32.dll
0x00007ffc1b710000 - 0x00007ffc1b737000 	C:\WINDOWS\System32\win32u.dll
0x00007ffc0c560000 - 0x00007ffc0c7f3000 	C:\WINDOWS\WinSxS\amd64_microsoft.windows.common-controls_6595b64144ccf1df_6.0.26100.8037_none_3e092faae333b53b\COMCTL32.dll
0x00007ffc1bee0000 - 0x00007ffc1bf0b000 	C:\WINDOWS\System32\GDI32.dll
0x00007ffc1a970000 - 0x00007ffc1aa9b000 	C:\WINDOWS\System32\gdi32full.dll
0x00007ffc1abf0000 - 0x00007ffc1ac93000 	C:\WINDOWS\System32\msvcp_win.dll
0x00007ffc141b0000 - 0x00007ffc141bb000 	C:\WINDOWS\SYSTEM32\VERSION.dll
0x00007ffc1c000000 - 0x00007ffc1c031000 	C:\WINDOWS\System32\IMM32.DLL
0x00007ffc15b70000 - 0x00007ffc15b7c000 	C:\jdk-21.0.10\bin\vcruntime140_1.dll
0x00007ffbf7f50000 - 0x00007ffbf7fdd000 	C:\jdk-21.0.10\bin\msvcp140.dll
0x00007ffbb1b70000 - 0x00007ffbb2897000 	C:\jdk-21.0.10\bin\server\jvm.dll
0x00007ffc1d1b0000 - 0x00007ffc1d224000 	C:\WINDOWS\System32\WS2_32.dll
0x00007ffc1a100000 - 0x00007ffc1a15e000 	C:\WINDOWS\SYSTEM32\POWRPROF.dll
0x00007ffc0c9a0000 - 0x00007ffc0c9d5000 	C:\WINDOWS\SYSTEM32\WINMM.dll
0x00007ffc1a0c0000 - 0x00007ffc1a0d4000 	C:\WINDOWS\SYSTEM32\UMPDC.dll
0x00007ffc18fd0000 - 0x00007ffc18feb000 	C:\WINDOWS\SYSTEM32\kernel.appcore.dll
0x00007ffc15b30000 - 0x00007ffc15b3a000 	C:\jdk-21.0.10\bin\jimage.dll
0x00007ffc0ca00000 - 0x00007ffc0cc42000 	C:\WINDOWS\SYSTEM32\DBGHELP.DLL
0x00007ffc1c970000 - 0x00007ffc1ccf2000 	C:\WINDOWS\System32\combase.dll
0x00007ffc1cd00000 - 0x00007ffc1cdd7000 	C:\WINDOWS\System32\OLEAUT32.dll
0x00007ffbf8290000 - 0x00007ffbf82cb000 	C:\WINDOWS\SYSTEM32\dbgcore.DLL
0x00007ffc1aca0000 - 0x00007ffc1ad45000 	C:\WINDOWS\System32\bcryptPrimitives.dll
0x00007ffc065b0000 - 0x00007ffc065d1000 	C:\jdk-21.0.10\bin\java.dll
0x00007ffc1c100000 - 0x00007ffc1c85f000 	C:\WINDOWS\System32\SHELL32.dll
0x00007ffc1a800000 - 0x00007ffc1a96a000 	C:\WINDOWS\System32\wintypes.dll
0x00007ffc1ade0000 - 0x00007ffc1b644000 	C:\WINDOWS\System32\windows.storage.dll
0x00007ffc1c870000 - 0x00007ffc1c967000 	C:\WINDOWS\System32\SHCORE.dll
0x00007ffc1d110000 - 0x00007ffc1d177000 	C:\WINDOWS\System32\shlwapi.dll
0x00007ffc1a1a0000 - 0x00007ffc1a1c9000 	C:\WINDOWS\SYSTEM32\profapi.dll
0x00007ffbeebe0000 - 0x00007ffbeecb7000 	C:\jdk-21.0.10\bin\jsvml.dll

dbghelp: loaded successfully - version: 4.0.5 - missing functions: none
symbol engine: initialized successfully - sym options: 0x614 - pdb path: .;C:\jdk-21.0.10\bin;C:\WINDOWS\SYSTEM32;C:\WINDOWS\WinSxS\amd64_microsoft.windows.common-controls_6595b64144ccf1df_6.0.26100.8037_none_3e092faae333b53b;C:\jdk-21.0.10\bin\server

VM Arguments:
jvm_args: -Dfile.encoding=UTF-8 -Dstdout.encoding=UTF-8 -Dstderr.encoding=UTF-8 -XX:+ShowCodeDetailsInExceptionMessages 
java_command: Main
java_class_path (initial): C:\Users\Alunos\eclipse-workspace\TextoArea\build\classes
Launcher Type: SUN_STANDARD

[Global flags]
     intx CICompilerCount                          = 3                                         {product} {ergonomic}
     uint ConcGCThreads                            = 1                                         {product} {ergonomic}
     uint G1ConcRefinementThreads                  = 4                                         {product} {ergonomic}
   size_t G1HeapRegionSize                         = 1048576                                   {product} {ergonomic}
    uintx GCDrainStackTargetSize                   = 64                                        {product} {ergonomic}
   size_t InitialHeapSize                          = 134217728                                 {product} {ergonomic}
   size_t MarkStackSize                            = 4194304                                   {product} {ergonomic}
   size_t MaxHeapSize                              = 2124414976                                {product} {ergonomic}
   size_t MaxNewSize                               = 1274019840                                {product} {ergonomic}
   size_t MinHeapDeltaBytes                        = 1048576                                   {product} {ergonomic}
   size_t MinHeapSize                              = 8388608                                   {product} {ergonomic}
    uintx NonNMethodCodeHeapSize                   = 5832780                                {pd product} {ergonomic}
    uintx NonProfiledCodeHeapSize                  = 122912730                              {pd product} {ergonomic}
    uintx ProfiledCodeHeapSize                     = 122912730                              {pd product} {ergonomic}
    uintx ReservedCodeCacheSize                    = 251658240                              {pd product} {ergonomic}
     bool SegmentedCodeCache                       = true                                      {product} {ergonomic}
     bool ShowCodeDetailsInExceptionMessages       = true                                   {manageable} {command line}
   size_t SoftMaxHeapSize                          = 2124414976                             {manageable} {ergonomic}
     bool UseCompressedOops                        = true                           {product lp64_product} {ergonomic}
     bool UseG1GC                                  = true                                      {product} {ergonomic}
     bool UseLargePagesIndividualAllocation        = false                                  {pd product} {ergonomic}

Logging:
Log output configuration:
 #0: stdout all=warning uptime,level,tags foldmultilines=false
 #1: stderr all=off uptime,level,tags foldmultilines=false

Environment Variables:
JAVA_HOME=C:\jdk-21.0.10
PATH=C:/eclipse//plugins/org.eclipse.justj.openjdk.hotspot.jre.full.win32.x86_64_21.0.9.v20251105-0741/jre/bin/server;C:/eclipse//plugins/org.eclipse.justj.openjdk.hotspot.jre.full.win32.x86_64_21.0.9.v20251105-0741/jre/bin;C:\jdk-21.0.10\bin;C:\Program Files\Common Files\Oracle\Java\javapath;C:\Program Files\Python313\Scripts\;C:\Program Files\Python313\;C:\WINDOWS\system32;C:\WINDOWS;C:\WINDOWS\System32\Wbem;C:\WINDOWS\System32\WindowsPowerShell\v1.0\;C:\WINDOWS\System32\OpenSSH\;C:\Program Files\dotnet\;C:\Program Files\Docker\Docker\resources\bin;C:\Program Files\nodejs\;C:\ProgramData\chocolatey\bin;C:\Program Files\Git\cmd;C:\xampp\php;C:\composer;C:\Users\Alunos\AppData\Local\Microsoft\WindowsApps;C:\Users\Alunos\AppData\Local\Programs\Microsoft VS Code\bin;C:\Users\Alunos\.dotnet\tools;C:\Users\Alunos\AppData\Roaming\npm;C:\Users\Alunos\AppData\Roaming\Composer\vendor\bin;C:\eclipse;
USERNAME=Alunos
OS=Windows_NT
PROCESSOR_IDENTIFIER=Intel64 Family 6 Model 158 Stepping 9, GenuineIntel
TMP=C:\Users\Alunos\AppData\Local\Temp
TEMP=C:\Users\Alunos\AppData\Local\Temp




Periodic native trim disabled

---------------  S Y S T E M  ---------------

OS:
 Windows 11 , 64 bit Build 26100 (10.0.26100.7920)
OS uptime: 0 days 3:11 hours
Hyper-V role detected

CPU: total 4 (initial active 4) (4 cores per cpu, 1 threads per core) family 6 model 158 stepping 9 microcode 0xde, cx8, cmov, fxsr, mmx, 3dnowpref, sse, sse2, sse3, ssse3, sse4.1, sse4.2, popcnt, lzcnt, tsc, tscinvbit, avx, avx2, aes, erms, clmul, bmi1, bmi2, rtm, adx, fma, vzeroupper, clflush, clflushopt, hv, rdtscp, f16c
Processor Information for all 4 processors :
  Max Mhz: 3408, Current Mhz: 3408, Mhz Limit: 3408

Memory: 4k page, system-wide physical 8098M (740M free)
TotalPageFile size 8098M (AvailPageFile size 4M)
current process WorkingSet (physical memory assigned to process): 30M, peak: 30M
current process commit charge ("private bytes"): 193M, peak: 196M

vm_info: Java HotSpot(TM) 64-Bit Server VM (21.0.10+8-LTS-217) for windows-amd64 JRE (21.0.10+8-LTS-217), built on 2025-12-18T14:59:28Z by "mach5run" with MS VC++ 17.13 (VS2022)

END.
